[     726ms] [ERROR] The Content Security Policy directive 'upgrade-insecure-requests' is ignored when delivered in a report-only policy. @ https://www.care.com/app/mhp:0
[     790ms] [WARNING]  [33m[1m⚠[22m[39m Runtime config is deprecated and will be removed in Next.js 16. Please remove the usage of "next/config" from your project. @ https://www.care.com/app/mhp/_next/static/chunks/pages/_app-2aba8da61b5e3428.js:0
[     837ms] [ERROR] The Content Security Policy directive 'upgrade-insecure-requests' is ignored when delivered in a report-only policy. @ https://acsbapp.com/apps/app/dist/js/app.js:0
[     914ms] [ERROR] The Content Security Policy directive 'upgrade-insecure-requests' is ignored when delivered in a report-only policy. @ about:srcdoc:0
[     999ms] [ERROR] The Content Security Policy directive 'upgrade-insecure-requests' is ignored when delivered in a report-only policy. @ https://cdn.cookielaw.org/scripttemplates/202510.1.0/otBannerSdk.js:6
[     999ms] [ERROR] The Content Security Policy directive 'upgrade-insecure-requests' is ignored when delivered in a report-only policy. @ https://cdn.cookielaw.org/scripttemplates/202510.1.0/otBannerSdk.js:6
[    1001ms] [ERROR] The Content Security Policy directive 'upgrade-insecure-requests' is ignored when delivered in a report-only policy. @ https://cdn.cookielaw.org/scripttemplates/202510.1.0/otBannerSdk.js:6
[    1001ms] [ERROR] The Content Security Policy directive 'upgrade-insecure-requests' is ignored when delivered in a report-only policy. @ https://cdn.cookielaw.org/scripttemplates/202510.1.0/otBannerSdk.js:6
[    1099ms] [ERROR] The Content Security Policy directive 'upgrade-insecure-requests' is ignored when delivered in a report-only policy. @ https://script.hotjar.com/modules.ddd41caee2adfc4aedb8.js:3
[    1099ms] [ERROR] The Content Security Policy directive 'upgrade-insecure-requests' is ignored when delivered in a report-only policy. @ https://script.hotjar.com/modules.ddd41caee2adfc4aedb8.js:3
[    1643ms] [ERROR] The Content Security Policy directive 'upgrade-insecure-requests' is ignored when delivered in a report-only policy. @ https://tagging.care.com/gtag/js?id=G-XMJQJVFLTW&cx=c&gtm=4e62b0h2&sign=1cc969dfcc1dc9e4b52cccd236e2f35935ad2b5dbefc2f8897dce0643b0d5efa_20260212:294
[    1643ms] [ERROR] The Content Security Policy directive 'upgrade-insecure-requests' is ignored when delivered in a report-only policy. @ https://tagging.care.com/gtag/js?id=G-XMJQJVFLTW&cx=c&gtm=4e62b0h2&sign=1cc969dfcc1dc9e4b52cccd236e2f35935ad2b5dbefc2f8897dce0643b0d5efa_20260212:294
[    1645ms] [ERROR] The Content Security Policy directive 'upgrade-insecure-requests' is ignored when delivered in a report-only policy. @ https://tagging.care.com/gtag/js?id=G-XMJQJVFLTW&cx=c&gtm=4e62b0h2&sign=1cc969dfcc1dc9e4b52cccd236e2f35935ad2b5dbefc2f8897dce0643b0d5efa_20260212:716
[    1715ms] [ERROR] Framing 'https://tagging.care.com/' violates the following report-only Content Security Policy directive: "frame-src 'self' alchemy.veriff.com www.google.com recaptcha.google.com bid.g.doubleclick.net 12355078.fls.doubleclick.net s.go-mpulse.net carecom.sjv.io apps.rokt.com tr.snapchat.com 3239339.fls.doubleclick.net https://vars.hotjar.com insight.adsrvr.org https://www.youtube.com/ https://ots2-qa.learningcaregroup.com/ScheduleATour/ https://ots2.learningcaregroup.com/ScheduleATour/ td.doubleclick.net https://calendly.com securepubads.g.doubleclick.net *.googlesyndication.com ep2.adtrafficquality.google". The violation has been logged, but no further action has been taken.
 @ https://tagging.care.com/:0
[    1717ms] [ERROR] Framing 'https://tagging.care.com/' violates the following report-only Content Security Policy directive: "frame-src 'self' alchemy.veriff.com www.google.com recaptcha.google.com bid.g.doubleclick.net 12355078.fls.doubleclick.net s.go-mpulse.net carecom.sjv.io apps.rokt.com tr.snapchat.com 3239339.fls.doubleclick.net https://vars.hotjar.com insight.adsrvr.org https://www.youtube.com/ https://ots2-qa.learningcaregroup.com/ScheduleATour/ https://ots2.learningcaregroup.com/ScheduleATour/ td.doubleclick.net https://calendly.com securepubads.g.doubleclick.net *.googlesyndication.com ep2.adtrafficquality.google". The violation has been logged, but no further action has been taken.
 @ https://tagging.care.com/:0
[    2414ms] [ERROR] The Content Security Policy directive 'upgrade-insecure-requests' is ignored when delivered in a report-only policy. @ https://js.adsrvr.org/up_loader.1.1.0.js:0
[    2625ms] [ERROR] Framing 'https://match.adsrvr.org/' violates the following report-only Content Security Policy directive: "frame-src 'self' alchemy.veriff.com www.google.com recaptcha.google.com bid.g.doubleclick.net 12355078.fls.doubleclick.net s.go-mpulse.net carecom.sjv.io apps.rokt.com tr.snapchat.com 3239339.fls.doubleclick.net https://vars.hotjar.com insight.adsrvr.org https://www.youtube.com/ https://ots2-qa.learningcaregroup.com/ScheduleATour/ https://ots2.learningcaregroup.com/ScheduleATour/ td.doubleclick.net https://calendly.com securepubads.g.doubleclick.net *.googlesyndication.com ep2.adtrafficquality.google". The violation has been logged, but no further action has been taken.
 @ https://js.adsrvr.org/:0
[    2685ms] [ERROR] Framing 'https://match.adsrvr.org/' violates the following report-only Content Security Policy directive: "frame-src 'self' alchemy.veriff.com www.google.com recaptcha.google.com bid.g.doubleclick.net 12355078.fls.doubleclick.net s.go-mpulse.net carecom.sjv.io apps.rokt.com tr.snapchat.com 3239339.fls.doubleclick.net https://vars.hotjar.com insight.adsrvr.org https://www.youtube.com/ https://ots2-qa.learningcaregroup.com/ScheduleATour/ https://ots2.learningcaregroup.com/ScheduleATour/ td.doubleclick.net https://calendly.com securepubads.g.doubleclick.net *.googlesyndication.com ep2.adtrafficquality.google". The violation has been logged, but no further action has been taken.
 @ https://js.adsrvr.org/:0
[    2688ms] [WARNING] [EmbeddedServiceBootstrap] Warning: EmbeddedService Messaging Bootstrap may not function correctly with this native JS function modified: document.addEventListener @ https://www.care.com/app/mhp/_next/static/chunks/pages/_app-2aba8da61b5e3428.js:8
[    2688ms] [WARNING] [EmbeddedServiceBootstrap] Warning: EmbeddedService Messaging Bootstrap may not function correctly with this native JS function modified: document.removeEventListener @ https://www.care.com/app/mhp/_next/static/chunks/pages/_app-2aba8da61b5e3428.js:8
[    2688ms] [WARNING] [EmbeddedServiceBootstrap] Warning: EmbeddedService Messaging Bootstrap may not function correctly with this native JS function modified: window.addEventListener @ https://www.care.com/app/mhp/_next/static/chunks/pages/_app-2aba8da61b5e3428.js:8
[    2688ms] [WARNING] [EmbeddedServiceBootstrap] Warning: EmbeddedService Messaging Bootstrap may not function correctly with this native JS function modified: window.removeEventListener @ https://www.care.com/app/mhp/_next/static/chunks/pages/_app-2aba8da61b5e3428.js:8
[    3348ms] [ERROR] The Content Security Policy directive 'upgrade-insecure-requests' is ignored when delivered in a report-only policy. @ https://caredotcom.my.site.com/ESWHCMessagingWeb1736524953965/assets/js/bootstrap.min.js:129
[    3385ms] [ERROR] Framing 'https://caredotcom.my.site.com/' violates the following report-only Content Security Policy directive: "frame-src 'self' alchemy.veriff.com www.google.com recaptcha.google.com bid.g.doubleclick.net 12355078.fls.doubleclick.net s.go-mpulse.net carecom.sjv.io apps.rokt.com tr.snapchat.com 3239339.fls.doubleclick.net https://vars.hotjar.com insight.adsrvr.org https://www.youtube.com/ https://ots2-qa.learningcaregroup.com/ScheduleATour/ https://ots2.learningcaregroup.com/ScheduleATour/ td.doubleclick.net https://calendly.com securepubads.g.doubleclick.net *.googlesyndication.com ep2.adtrafficquality.google". The violation has been logged, but no further action has been taken.
 @ https://caredotcom.my.site.com/:0
[    3605ms] [ERROR] Framing 'https://caredotcom.my.site.com/' violates the following report-only Content Security Policy directive: "frame-src 'self' alchemy.veriff.com www.google.com recaptcha.google.com bid.g.doubleclick.net 12355078.fls.doubleclick.net s.go-mpulse.net carecom.sjv.io apps.rokt.com tr.snapchat.com 3239339.fls.doubleclick.net https://vars.hotjar.com insight.adsrvr.org https://www.youtube.com/ https://ots2-qa.learningcaregroup.com/ScheduleATour/ https://ots2.learningcaregroup.com/ScheduleATour/ td.doubleclick.net https://calendly.com securepubads.g.doubleclick.net *.googlesyndication.com ep2.adtrafficquality.google". The violation has been logged, but no further action has been taken.
 @ https://caredotcom.my.site.com/:0
[   35306ms] [ERROR] The Content Security Policy directive 'upgrade-insecure-requests' is ignored when delivered in a report-only policy. @ https://www.care.com/app/profile/92a5f515-6253-4981-94d7-8fa06593f474:0
[   35424ms] [ERROR] The Content Security Policy directive 'upgrade-insecure-requests' is ignored when delivered in a report-only policy. @ https://acsbapp.com/apps/app/dist/js/app.js:0
[   35495ms] [ERROR] The Content Security Policy directive 'upgrade-insecure-requests' is ignored when delivered in a report-only policy. @ about:srcdoc:0
[   35543ms] [ERROR] The Content Security Policy directive 'upgrade-insecure-requests' is ignored when delivered in a report-only policy. @ https://js.adsrvr.org/up_loader.1.1.0.js:0
[   35600ms] [ERROR] The Content Security Policy directive 'upgrade-insecure-requests' is ignored when delivered in a report-only policy. @ https://cdn.cookielaw.org/scripttemplates/202510.1.0/otBannerSdk.js:6
[   35600ms] [ERROR] The Content Security Policy directive 'upgrade-insecure-requests' is ignored when delivered in a report-only policy. @ https://cdn.cookielaw.org/scripttemplates/202510.1.0/otBannerSdk.js:6
[   35602ms] [ERROR] The Content Security Policy directive 'upgrade-insecure-requests' is ignored when delivered in a report-only policy. @ https://cdn.cookielaw.org/scripttemplates/202510.1.0/otBannerSdk.js:6
[   35602ms] [ERROR] The Content Security Policy directive 'upgrade-insecure-requests' is ignored when delivered in a report-only policy. @ https://cdn.cookielaw.org/scripttemplates/202510.1.0/otBannerSdk.js:6
[   35637ms] [ERROR] Framing 'https://match.adsrvr.org/' violates the following report-only Content Security Policy directive: "frame-src 'self' alchemy.veriff.com www.google.com recaptcha.google.com bid.g.doubleclick.net 12355078.fls.doubleclick.net s.go-mpulse.net carecom.sjv.io apps.rokt.com tr.snapchat.com 3239339.fls.doubleclick.net https://vars.hotjar.com insight.adsrvr.org https://www.youtube.com/ https://ots2-qa.learningcaregroup.com/ScheduleATour/ https://ots2.learningcaregroup.com/ScheduleATour/ td.doubleclick.net https://calendly.com". The violation has been logged, but no further action has been taken.
 @ https://js.adsrvr.org/:0
[   35694ms] [ERROR] Framing 'https://match.adsrvr.org/' violates the following report-only Content Security Policy directive: "frame-src 'self' alchemy.veriff.com www.google.com recaptcha.google.com bid.g.doubleclick.net 12355078.fls.doubleclick.net s.go-mpulse.net carecom.sjv.io apps.rokt.com tr.snapchat.com 3239339.fls.doubleclick.net https://vars.hotjar.com insight.adsrvr.org https://www.youtube.com/ https://ots2-qa.learningcaregroup.com/ScheduleATour/ https://ots2.learningcaregroup.com/ScheduleATour/ td.doubleclick.net https://calendly.com". The violation has been logged, but no further action has been taken.
 @ https://js.adsrvr.org/:0
[   36030ms] [ERROR] The Content Security Policy directive 'upgrade-insecure-requests' is ignored when delivered in a report-only policy. @ https://tagging.care.com/gtag/js?id=G-XMJQJVFLTW&cx=c&gtm=4e62b0h2&sign=1cc969dfcc1dc9e4b52cccd236e2f35935ad2b5dbefc2f8897dce0643b0d5efa_20260212:294
[   36030ms] [ERROR] The Content Security Policy directive 'upgrade-insecure-requests' is ignored when delivered in a report-only policy. @ https://tagging.care.com/gtag/js?id=G-XMJQJVFLTW&cx=c&gtm=4e62b0h2&sign=1cc969dfcc1dc9e4b52cccd236e2f35935ad2b5dbefc2f8897dce0643b0d5efa_20260212:294
[   36033ms] [ERROR] The Content Security Policy directive 'upgrade-insecure-requests' is ignored when delivered in a report-only policy. @ https://tagging.care.com/gtag/js?id=G-XMJQJVFLTW&cx=c&gtm=4e62b0h2&sign=1cc969dfcc1dc9e4b52cccd236e2f35935ad2b5dbefc2f8897dce0643b0d5efa_20260212:716
[   36119ms] [ERROR] Framing 'https://tagging.care.com/' violates the following report-only Content Security Policy directive: "frame-src 'self' alchemy.veriff.com www.google.com recaptcha.google.com bid.g.doubleclick.net 12355078.fls.doubleclick.net s.go-mpulse.net carecom.sjv.io apps.rokt.com tr.snapchat.com 3239339.fls.doubleclick.net https://vars.hotjar.com insight.adsrvr.org https://www.youtube.com/ https://ots2-qa.learningcaregroup.com/ScheduleATour/ https://ots2.learningcaregroup.com/ScheduleATour/ td.doubleclick.net https://calendly.com". The violation has been logged, but no further action has been taken.
 @ https://tagging.care.com/:0
[   36121ms] [ERROR] Framing 'https://tagging.care.com/' violates the following report-only Content Security Policy directive: "frame-src 'self' alchemy.veriff.com www.google.com recaptcha.google.com bid.g.doubleclick.net 12355078.fls.doubleclick.net s.go-mpulse.net carecom.sjv.io apps.rokt.com tr.snapchat.com 3239339.fls.doubleclick.net https://vars.hotjar.com insight.adsrvr.org https://www.youtube.com/ https://ots2-qa.learningcaregroup.com/ScheduleATour/ https://ots2.learningcaregroup.com/ScheduleATour/ td.doubleclick.net https://calendly.com". The violation has been logged, but no further action has been taken.
 @ https://tagging.care.com/:0
