[    1663ms] Uncaught TypeError: Cannot read properties of null (reading 'textContent')
    at <anonymous> (https://www.care.com/vis/lcp/login?login_challenge=489b08260d474dcb97be9c0bc0f8a906:402:81)
    at execCb (https://s.cdn-care.com/js/care/target/common.js?v=260206:4:16816)
    at check (https://s.cdn-care.com/js/care/target/common.js?v=260206:4:10538)
    at <anonymous> (https://s.cdn-care.com/js/care/target/common.js?v=260206:4:12981)
    at <anonymous> (https://s.cdn-care.com/js/care/target/common.js?v=260206:4:1543)
    at <anonymous> (https://s.cdn-care.com/js/care/target/common.js?v=260206:4:13449)
    at each (https://s.cdn-care.com/js/care/target/common.js?v=260206:4:1019)
    at emit (https://s.cdn-care.com/js/care/target/common.js?v=260206:4:13416)
    at check (https://s.cdn-care.com/js/care/target/common.js?v=260206:4:11099)
    at <anonymous> (https://s.cdn-care.com/js/care/target/common.js?v=260206:4:12981)
    at <anonymous> (https://s.cdn-care.com/js/care/target/common.js?v=260206:4:1543)
    at <anonymous> (https://s.cdn-care.com/js/care/target/common.js?v=260206:4:13449)
    at each (https://s.cdn-care.com/js/care/target/common.js?v=260206:4:1019)
    at emit (https://s.cdn-care.com/js/care/target/common.js?v=260206:4:13416)
    at check (https://s.cdn-care.com/js/care/target/common.js?v=260206:4:11099)
    at <anonymous> (https://s.cdn-care.com/js/care/target/common.js?v=260206:4:12981)
    at <anonymous> (https://s.cdn-care.com/js/care/target/common.js?v=260206:4:1543)
    at <anonymous> (https://s.cdn-care.com/js/care/target/common.js?v=260206:4:13449)
    at each (https://s.cdn-care.com/js/care/target/common.js?v=260206:4:1019)
    at emit (https://s.cdn-care.com/js/care/target/common.js?v=260206:4:13416)
    at check (https://s.cdn-care.com/js/care/target/common.js?v=260206:4:11099)
    at enable (https://s.cdn-care.com/js/care/target/common.js?v=260206:4:13314)
    at init (https://s.cdn-care.com/js/care/target/common.js?v=260206:4:9642)
    at j (https://s.cdn-care.com/js/care/target/common.js?v=260206:4:8340)
    at completeLoad (https://s.cdn-care.com/js/care/target/common.js?v=260206:4:16051)
    at onScriptLoad (https://s.cdn-care.com/js/care/target/common.js?v=260206:4:16971)
    at sentryWrapped (https://s.cdn-care.com/js/vendor/yarn_components/@sentry/browser/build/bundle.min.js?v=260206:1:54867)
