[     766ms] [ERROR] The Content Security Policy directive 'upgrade-insecure-requests' is ignored when delivered in a report-only policy. @ https://www.care.com/app/messages:0
[     902ms] [ERROR] The Content Security Policy directive 'upgrade-insecure-requests' is ignored when delivered in a report-only policy. @ https://acsbapp.com/apps/app/dist/js/app.js:0
[     947ms] [ERROR] The Content Security Policy directive 'upgrade-insecure-requests' is ignored when delivered in a report-only policy. @ about:srcdoc:0
[    1030ms] [ERROR] The Content Security Policy directive 'upgrade-insecure-requests' is ignored when delivered in a report-only policy. @ https://www.care.com/s/o/messages-mfe/v1.123.2/ccedfff1da029fc3ff2a890923cce54f97155767/_next/static/chunks/amplitude-de104593a8535b96.js:0
[    1030ms] [ERROR] The Content Security Policy directive 'upgrade-insecure-requests' is ignored when delivered in a report-only policy. @ https://www.care.com/s/o/messages-mfe/v1.123.2/ccedfff1da029fc3ff2a890923cce54f97155767/_next/static/chunks/amplitude-de104593a8535b96.js:0
[    1032ms] [ERROR] The Content Security Policy directive 'upgrade-insecure-requests' is ignored when delivered in a report-only policy. @ https://www.care.com/s/o/messages-mfe/v1.123.2/ccedfff1da029fc3ff2a890923cce54f97155767/_next/static/chunks/amplitude-de104593a8535b96.js:0
[    1032ms] [ERROR] The Content Security Policy directive 'upgrade-insecure-requests' is ignored when delivered in a report-only policy. @ https://www.care.com/s/o/messages-mfe/v1.123.2/ccedfff1da029fc3ff2a890923cce54f97155767/_next/static/chunks/amplitude-de104593a8535b96.js:0
[    1055ms] [WARNING] Amplitude Logger [Warn]: Plugin with name @amplitude/plugin-session-replay-browser already exists, skipping registration @ https://www.care.com/s/o/messages-mfe/v1.123.2/ccedfff1da029fc3ff2a890923cce54f97155767/_next/static/chunks/sentry-43571371623d6d6f.js:13
[    1073ms] [ERROR] The Content Security Policy directive 'upgrade-insecure-requests' is ignored when delivered in a report-only policy. @ https://cdn.cookielaw.org/scripttemplates/202510.1.0/otBannerSdk.js:6
[    1074ms] [ERROR] The Content Security Policy directive 'upgrade-insecure-requests' is ignored when delivered in a report-only policy. @ https://cdn.cookielaw.org/scripttemplates/202510.1.0/otBannerSdk.js:6
[    1075ms] [ERROR] The Content Security Policy directive 'upgrade-insecure-requests' is ignored when delivered in a report-only policy. @ https://cdn.cookielaw.org/scripttemplates/202510.1.0/otBannerSdk.js:6
[    1076ms] [ERROR] The Content Security Policy directive 'upgrade-insecure-requests' is ignored when delivered in a report-only policy. @ https://cdn.cookielaw.org/scripttemplates/202510.1.0/otBannerSdk.js:6
[    1530ms] [ERROR] The Content Security Policy directive 'upgrade-insecure-requests' is ignored when delivered in a report-only policy. @ https://tagging.care.com/gtag/js?id=G-XMJQJVFLTW&cx=c&gtm=4e62a1&sign=25710d2e8960d0cab7dd84b0401d31efb5e1959a6d80be4f13b77db32e1b46d3_20260211:294
[    1531ms] [ERROR] The Content Security Policy directive 'upgrade-insecure-requests' is ignored when delivered in a report-only policy. @ https://tagging.care.com/gtag/js?id=G-XMJQJVFLTW&cx=c&gtm=4e62a1&sign=25710d2e8960d0cab7dd84b0401d31efb5e1959a6d80be4f13b77db32e1b46d3_20260211:294
[    1533ms] [ERROR] The Content Security Policy directive 'upgrade-insecure-requests' is ignored when delivered in a report-only policy. @ https://tagging.care.com/gtag/js?id=G-XMJQJVFLTW&cx=c&gtm=4e62a1&sign=25710d2e8960d0cab7dd84b0401d31efb5e1959a6d80be4f13b77db32e1b46d3_20260211:724
[    1535ms] [ERROR] Framing 'https://tagging.care.com/' violates the following report-only Content Security Policy directive: "frame-src 'self' alchemy.veriff.com www.google.com recaptcha.google.com bid.g.doubleclick.net 12355078.fls.doubleclick.net s.go-mpulse.net carecom.sjv.io apps.rokt.com tr.snapchat.com 3239339.fls.doubleclick.net https://vars.hotjar.com insight.adsrvr.org https://www.youtube.com/ https://ots2-qa.learningcaregroup.com/ScheduleATour/ https://ots2.learningcaregroup.com/ScheduleATour/ td.doubleclick.net https://calendly.com". The violation has been logged, but no further action has been taken.
 @ https://tagging.care.com/:0
[    1542ms] [ERROR] Framing 'https://tagging.care.com/' violates the following report-only Content Security Policy directive: "frame-src 'self' alchemy.veriff.com www.google.com recaptcha.google.com bid.g.doubleclick.net 12355078.fls.doubleclick.net s.go-mpulse.net carecom.sjv.io apps.rokt.com tr.snapchat.com 3239339.fls.doubleclick.net https://vars.hotjar.com insight.adsrvr.org https://www.youtube.com/ https://ots2-qa.learningcaregroup.com/ScheduleATour/ https://ots2.learningcaregroup.com/ScheduleATour/ td.doubleclick.net https://calendly.com". The violation has been logged, but no further action has been taken.
 @ https://tagging.care.com/:0
[    1767ms] [ERROR] Failed to load resource: the server responded with a status of 429 () @ https://o466311.ingest.us.sentry.io/api/4508563482542081/envelope/?sentry_key=ac68f55794c6e29587c7de136ccc2478&sentry_version=7&sentry_client=sentry.javascript.nextjs%2F7.120.3:0
[    2317ms] [ERROR] The Content Security Policy directive 'upgrade-insecure-requests' is ignored when delivered in a report-only policy. @ https://js.adsrvr.org/up_loader.1.1.0.js:0
[    2379ms] [ERROR] Framing 'https://match.adsrvr.org/' violates the following report-only Content Security Policy directive: "frame-src 'self' alchemy.veriff.com www.google.com recaptcha.google.com bid.g.doubleclick.net 12355078.fls.doubleclick.net s.go-mpulse.net carecom.sjv.io apps.rokt.com tr.snapchat.com 3239339.fls.doubleclick.net https://vars.hotjar.com insight.adsrvr.org https://www.youtube.com/ https://ots2-qa.learningcaregroup.com/ScheduleATour/ https://ots2.learningcaregroup.com/ScheduleATour/ td.doubleclick.net https://calendly.com". The violation has been logged, but no further action has been taken.
 @ https://js.adsrvr.org/:0
[    2436ms] [ERROR] Framing 'https://match.adsrvr.org/' violates the following report-only Content Security Policy directive: "frame-src 'self' alchemy.veriff.com www.google.com recaptcha.google.com bid.g.doubleclick.net 12355078.fls.doubleclick.net s.go-mpulse.net carecom.sjv.io apps.rokt.com tr.snapchat.com 3239339.fls.doubleclick.net https://vars.hotjar.com insight.adsrvr.org https://www.youtube.com/ https://ots2-qa.learningcaregroup.com/ScheduleATour/ https://ots2.learningcaregroup.com/ScheduleATour/ td.doubleclick.net https://calendly.com". The violation has been logged, but no further action has been taken.
 @ https://js.adsrvr.org/:0
