[     714ms] [ERROR] The Content Security Policy directive 'upgrade-insecure-requests' is ignored when delivered in a report-only policy. @ https://www.care.com/app/mhp:0
[     767ms] [WARNING]  [33m[1m⚠[22m[39m Runtime config is deprecated and will be removed in Next.js 16. Please remove the usage of "next/config" from your project. @ https://www.care.com/app/mhp/_next/static/chunks/pages/_app-2aba8da61b5e3428.js:0
[     814ms] [ERROR] The Content Security Policy directive 'upgrade-insecure-requests' is ignored when delivered in a report-only policy. @ https://acsbapp.com/apps/app/dist/js/app.js:0
[     883ms] [ERROR] The Content Security Policy directive 'upgrade-insecure-requests' is ignored when delivered in a report-only policy. @ about:srcdoc:0
[     978ms] [ERROR] The Content Security Policy directive 'upgrade-insecure-requests' is ignored when delivered in a report-only policy. @ https://cdn.cookielaw.org/scripttemplates/202510.1.0/otBannerSdk.js:6
[     978ms] [ERROR] The Content Security Policy directive 'upgrade-insecure-requests' is ignored when delivered in a report-only policy. @ https://cdn.cookielaw.org/scripttemplates/202510.1.0/otBannerSdk.js:6
[     980ms] [ERROR] The Content Security Policy directive 'upgrade-insecure-requests' is ignored when delivered in a report-only policy. @ https://cdn.cookielaw.org/scripttemplates/202510.1.0/otBannerSdk.js:6
[     980ms] [ERROR] The Content Security Policy directive 'upgrade-insecure-requests' is ignored when delivered in a report-only policy. @ https://cdn.cookielaw.org/scripttemplates/202510.1.0/otBannerSdk.js:6
[    1058ms] [ERROR] The Content Security Policy directive 'upgrade-insecure-requests' is ignored when delivered in a report-only policy. @ https://script.hotjar.com/modules.ddd41caee2adfc4aedb8.js:3
[    1058ms] [ERROR] The Content Security Policy directive 'upgrade-insecure-requests' is ignored when delivered in a report-only policy. @ https://script.hotjar.com/modules.ddd41caee2adfc4aedb8.js:3
[    1633ms] [ERROR] The Content Security Policy directive 'upgrade-insecure-requests' is ignored when delivered in a report-only policy. @ https://tagging.care.com/gtag/js?id=G-XMJQJVFLTW&cx=c&gtm=4e62a1&sign=c5af7f017c4ec21c880477661753679c8a8ee49f937d6aff289199eee5cfe50b_20260212:294
[    1634ms] [ERROR] The Content Security Policy directive 'upgrade-insecure-requests' is ignored when delivered in a report-only policy. @ https://tagging.care.com/gtag/js?id=G-XMJQJVFLTW&cx=c&gtm=4e62a1&sign=c5af7f017c4ec21c880477661753679c8a8ee49f937d6aff289199eee5cfe50b_20260212:294
[    1636ms] [ERROR] The Content Security Policy directive 'upgrade-insecure-requests' is ignored when delivered in a report-only policy. @ https://tagging.care.com/gtag/js?id=G-XMJQJVFLTW&cx=c&gtm=4e62a1&sign=c5af7f017c4ec21c880477661753679c8a8ee49f937d6aff289199eee5cfe50b_20260212:724
[    1707ms] [ERROR] Framing 'https://tagging.care.com/' violates the following report-only Content Security Policy directive: "frame-src 'self' alchemy.veriff.com www.google.com recaptcha.google.com bid.g.doubleclick.net 12355078.fls.doubleclick.net s.go-mpulse.net carecom.sjv.io apps.rokt.com tr.snapchat.com 3239339.fls.doubleclick.net https://vars.hotjar.com insight.adsrvr.org https://www.youtube.com/ https://ots2-qa.learningcaregroup.com/ScheduleATour/ https://ots2.learningcaregroup.com/ScheduleATour/ td.doubleclick.net https://calendly.com securepubads.g.doubleclick.net *.googlesyndication.com ep2.adtrafficquality.google". The violation has been logged, but no further action has been taken.
 @ https://tagging.care.com/:0
[    1709ms] [ERROR] Framing 'https://tagging.care.com/' violates the following report-only Content Security Policy directive: "frame-src 'self' alchemy.veriff.com www.google.com recaptcha.google.com bid.g.doubleclick.net 12355078.fls.doubleclick.net s.go-mpulse.net carecom.sjv.io apps.rokt.com tr.snapchat.com 3239339.fls.doubleclick.net https://vars.hotjar.com insight.adsrvr.org https://www.youtube.com/ https://ots2-qa.learningcaregroup.com/ScheduleATour/ https://ots2.learningcaregroup.com/ScheduleATour/ td.doubleclick.net https://calendly.com securepubads.g.doubleclick.net *.googlesyndication.com ep2.adtrafficquality.google". The violation has been logged, but no further action has been taken.
 @ https://tagging.care.com/:0
[    2334ms] [ERROR] The Content Security Policy directive 'upgrade-insecure-requests' is ignored when delivered in a report-only policy. @ https://js.adsrvr.org/up_loader.1.1.0.js:0
[    2643ms] [WARNING] [EmbeddedServiceBootstrap] Warning: EmbeddedService Messaging Bootstrap may not function correctly with this native JS function modified: document.addEventListener @ https://www.care.com/app/mhp/_next/static/chunks/pages/_app-2aba8da61b5e3428.js:8
[    2643ms] [WARNING] [EmbeddedServiceBootstrap] Warning: EmbeddedService Messaging Bootstrap may not function correctly with this native JS function modified: document.removeEventListener @ https://www.care.com/app/mhp/_next/static/chunks/pages/_app-2aba8da61b5e3428.js:8
[    2643ms] [WARNING] [EmbeddedServiceBootstrap] Warning: EmbeddedService Messaging Bootstrap may not function correctly with this native JS function modified: window.addEventListener @ https://www.care.com/app/mhp/_next/static/chunks/pages/_app-2aba8da61b5e3428.js:8
[    2643ms] [WARNING] [EmbeddedServiceBootstrap] Warning: EmbeddedService Messaging Bootstrap may not function correctly with this native JS function modified: window.removeEventListener @ https://www.care.com/app/mhp/_next/static/chunks/pages/_app-2aba8da61b5e3428.js:8
[    2837ms] [ERROR] Framing 'https://match.adsrvr.org/' violates the following report-only Content Security Policy directive: "frame-src 'self' alchemy.veriff.com www.google.com recaptcha.google.com bid.g.doubleclick.net 12355078.fls.doubleclick.net s.go-mpulse.net carecom.sjv.io apps.rokt.com tr.snapchat.com 3239339.fls.doubleclick.net https://vars.hotjar.com insight.adsrvr.org https://www.youtube.com/ https://ots2-qa.learningcaregroup.com/ScheduleATour/ https://ots2.learningcaregroup.com/ScheduleATour/ td.doubleclick.net https://calendly.com securepubads.g.doubleclick.net *.googlesyndication.com ep2.adtrafficquality.google". The violation has been logged, but no further action has been taken.
 @ https://js.adsrvr.org/:0
[    2887ms] [ERROR] Framing 'https://match.adsrvr.org/' violates the following report-only Content Security Policy directive: "frame-src 'self' alchemy.veriff.com www.google.com recaptcha.google.com bid.g.doubleclick.net 12355078.fls.doubleclick.net s.go-mpulse.net carecom.sjv.io apps.rokt.com tr.snapchat.com 3239339.fls.doubleclick.net https://vars.hotjar.com insight.adsrvr.org https://www.youtube.com/ https://ots2-qa.learningcaregroup.com/ScheduleATour/ https://ots2.learningcaregroup.com/ScheduleATour/ td.doubleclick.net https://calendly.com securepubads.g.doubleclick.net *.googlesyndication.com ep2.adtrafficquality.google". The violation has been logged, but no further action has been taken.
 @ https://js.adsrvr.org/:0
[    2901ms] [ERROR] The Content Security Policy directive 'upgrade-insecure-requests' is ignored when delivered in a report-only policy. @ https://caredotcom.my.site.com/ESWHCMessagingWeb1736524953965/assets/js/bootstrap.min.js:129
[    2945ms] [ERROR] Framing 'https://caredotcom.my.site.com/' violates the following report-only Content Security Policy directive: "frame-src 'self' alchemy.veriff.com www.google.com recaptcha.google.com bid.g.doubleclick.net 12355078.fls.doubleclick.net s.go-mpulse.net carecom.sjv.io apps.rokt.com tr.snapchat.com 3239339.fls.doubleclick.net https://vars.hotjar.com insight.adsrvr.org https://www.youtube.com/ https://ots2-qa.learningcaregroup.com/ScheduleATour/ https://ots2.learningcaregroup.com/ScheduleATour/ td.doubleclick.net https://calendly.com securepubads.g.doubleclick.net *.googlesyndication.com ep2.adtrafficquality.google". The violation has been logged, but no further action has been taken.
 @ https://caredotcom.my.site.com/:0
[    3131ms] [ERROR] Framing 'https://caredotcom.my.site.com/' violates the following report-only Content Security Policy directive: "frame-src 'self' alchemy.veriff.com www.google.com recaptcha.google.com bid.g.doubleclick.net 12355078.fls.doubleclick.net s.go-mpulse.net carecom.sjv.io apps.rokt.com tr.snapchat.com 3239339.fls.doubleclick.net https://vars.hotjar.com insight.adsrvr.org https://www.youtube.com/ https://ots2-qa.learningcaregroup.com/ScheduleATour/ https://ots2.learningcaregroup.com/ScheduleATour/ td.doubleclick.net https://calendly.com securepubads.g.doubleclick.net *.googlesyndication.com ep2.adtrafficquality.google". The violation has been logged, but no further action has been taken.
 @ https://caredotcom.my.site.com/:0
[    3477ms] [ERROR] Failed to load resource: the server responded with a status of 429 () @ https://o466311.ingest.sentry.io/api/6581953/envelope/?sentry_version=7&sentry_key=6dc92886e5a34d9186572876d1a0a11d&sentry_client=sentry.javascript.nextjs%2F10.19.0:0
[   13173ms] [ERROR] Failed to load resource: the server responded with a status of 403 () @ https://www.care.com/vis/auth/login?redirectUrl=https://evil.com:0
[   13517ms] [ERROR] Failed to load resource: the server responded with a status of 403 () @ https://www.care.com/vis/auth/oidc/logout?returnTo=https://evil.com:0
[   14001ms] [ERROR] Failed to load resource: the server responded with a status of 403 () @ https://www.care.com/api/id-oidc-proxy/care/login?returnTo=https://evil.com:0
[   39818ms] [ERROR] Failed to load resource: the server responded with a status of 400 () @ https://www.care.com/vis/auth/login?redirectUrl=/\evil.com:0
[   40942ms] [ERROR] Failed to load resource: the server responded with a status of 403 () @ https://www.care.com/vis/auth/login?redirectUrl=https%3A%2F%2Fevil.com:0
[   41001ms] [ERROR] Failed to load resource: the server responded with a status of 403 () @ https://www.care.com/vis/auth/login?redirectUrl=javascript:alert(1):0
[   41058ms] [ERROR] Failed to load resource: the server responded with a status of 403 () @ https://www.care.com/vis/auth/login?redirectUrl=data:text/html,%3Cscript%3Ealert(1)%3C/script%3E:0
[   41460ms] [ERROR] Failed to load resource: the server responded with a status of 400 () @ https://www.care.com/vis/auth/oidc/logout?returnTo=/\evil.com:0
