[     201ms] [WARNING]  [33m[1m⚠[22m[39m Runtime config is deprecated and will be removed in Next.js 16. Please remove the usage of "next/config" from your project. @ https://cdn.wetransfer.com/_next/static/chunks/pages/_app-77d4b8737f59f6e0.js:0
[    1138ms] [WARNING] [Meta Pixel] - Duplicate Pixel ID: 1904796869803472. @ https://connect.facebook.net/en_US/fbevents.js:173
[    4312ms] [WARNING] The resource https://apps.rokt.com/icons/rokt-icons.woff was preloaded using link preload but not used within a few seconds from the window's load event. Please make sure it has an appropriate `as` value and it is preloaded intentionally. @ https://apps.rokt.com/wsdk/plugins/dcui/index.html:0
[  182811ms] [WARNING] %c [♿️ WeTransfer a11y warning ♿️] 
 Please add a descriptive alternative text (altText) for this image (https://backgrounds.wetransfer.net/creator/wetransfer/2505/static-ultimate-bubble/1_x2kGFw/1/../image.f5c9078ef8caf87058ed.webp) to the Background component. If this image is purely decorative add an empty string. 
 More info: https://github.com/WeTransfer/wallpaper-ui/blob/main/docs/components/Background.md#altText font-weight: 600; @ https://backgrounds.wetransfer.net/creator/wetransfer/2505/static-ultimate-bubble/1_x2kGFw/1/bundle.092d141553efcc928ee5.js:0
[  494750ms] [ERROR] Access to fetch at 'https://public.profitwell.com/js/profitwell.js?auth=1a33eb12b20b92f6b89c398e023e2ca1' from origin 'https://wetransfer.com' has been blocked by CORS policy: No 'Access-Control-Allow-Origin' header is present on the requested resource. @ https://wetransfer.com/:0
[  494751ms] [ERROR] Failed to load resource: net::ERR_FAILED @ https://public.profitwell.com/js/profitwell.js?auth=1a33eb12b20b92f6b89c398e023e2ca1:0
[  494870ms] [ERROR] Access to fetch at 'https://ct.pinterest.com/static/ct/token_create.js' from origin 'https://wetransfer.com' has been blocked by CORS policy: No 'Access-Control-Allow-Origin' header is present on the requested resource. @ https://wetransfer.com/:0
[  494870ms] [ERROR] Failed to load resource: net::ERR_FAILED @ https://ct.pinterest.com/static/ct/token_create.js:0
[  495106ms] [ERROR] Access to fetch at 'https://bat.bing.com/bat.js' from origin 'https://wetransfer.com' has been blocked by CORS policy: No 'Access-Control-Allow-Origin' header is present on the requested resource. @ https://wetransfer.com/:0
[  495106ms] [ERROR] Failed to load resource: net::ERR_FAILED @ https://bat.bing.com/bat.js:0
[  495109ms] [ERROR] Access to fetch at 'https://connect.facebook.net/signals/config/1904796869803472?v=2.9.265&r=stable&domain=wetransfer.com&hme=8faeb0ed09c145bbd9d3213e762abac29e9f76b8e7a9df9d71a3058625e3b7dd&ex_m=96%2C187%2C136%2C21%2C68%2C69%2C129%2C64%2C43%2C130%2C73%2C63%2C10%2C143%2C82%2C15%2C95%2C124%2C117%2C71%2C74%2C123%2C140%2C104%2C145%2C7%2C3%2C4%2C6%2C5%2C2%2C83%2C93%2C146%2C151%2C201%2C57%2C167%2C168%2C50%2C238%2C28%2C70%2C213%2C212%2C211%2C30%2C56%2C9%2C59%2C89%2C90%2C91%2C97%2C120%2C29%2C27%2C122%2C119%2C118%2C137%2C72%2C139%2C138%2C45%2C55%2C113%2C14%2C142%2C40%2C226%2C227%2C225%2C24%2C25%2C26%2C17%2C19%2C39%2C35%2C37%2C36%2C78%2C84%2C88%2C102%2C128%2C131%2C41%2C103%2C22%2C20%2C109%2C65%2C33%2C133%2C132%2C134%2C125%2C23%2C32%2C54%2C101%2C141%2C66%2C16%2C135%2C106%2C77%2C62%2C18%2C31%2C249%2C194%2C181%2C182%2C180%2C252%2C244%2C195%2C99%2C121%2C76%2C111%2C49%2C42%2C44%2C105%2C110%2C116%2C53%2C60%2C115%2C48%2C51%2C47%2C92%2C144%2C0%2C114%2C13%2C112%2C11%2C1%2C52%2C85%2C58%2C61%2C108%2C81%2C80%2C147%2C148%2C86%2C87%2C8%2C94%2C46%2C126%2C79%2C75%2C67%2C107%2C98%2C38%2C127%2C34%2C100%2C12%2C149' from origin 'https://wetransfer.com' has been blocked by CORS policy: No 'Access-Control-Allow-Origin' header is present on the requested resource. @ https://wetransfer.com/:0
[  495109ms] [ERROR] Failed to load resource: net::ERR_FAILED @ https://connect.facebook.net/signals/config/1904796869803472?v=2.9.265&r=stable&domain=wetransfer.com&hme=8faeb0ed09c145bbd9d3213e762abac29e9f76b8e7a9df9d71a3058625e3b7dd&ex_m=96%2C187%2C136%2C21%2C68%2C69%2C129%2C64%2C43%2C130%2C73%2C63%2C10%2C143%2C82%2C15%2C95%2C124%2C117%2C71%2C74%2C123%2C140%2C104%2C145%2C7%2C3%2C4%2C6%2C5%2C2%2C83%2C93%2C146%2C151%2C201%2C57%2C167%2C168%2C50%2C238%2C28%2C70%2C213%2C212%2C211%2C30%2C56%2C9%2C59%2C89%2C90%2C91%2C97%2C120%2C29%2C27%2C122%2C119%2C118%2C137%2C72%2C139%2C138%2C45%2C55%2C113%2C14%2C142%2C40%2C226%2C227%2C225%2C24%2C25%2C26%2C17%2C19%2C39%2C35%2C37%2C36%2C78%2C84%2C88%2C102%2C128%2C131%2C41%2C103%2C22%2C20%2C109%2C65%2C33%2C133%2C132%2C134%2C125%2C23%2C32%2C54%2C101%2C141%2C66%2C16%2C135%2C106%2C77%2C62%2C18%2C31%2C249%2C194%2C181%2C182%2C180%2C252%2C244%2C195%2C99%2C121%2C76%2C111%2C49%2C42%2C44%2C105%2C110%2C116%2C53%2C60%2C115%2C48%2C51%2C47%2C92%2C144%2C0%2C114%2C13%2C112%2C11%2C1%2C52%2C85%2C58%2C61%2C108%2C81%2C80%2C147%2C148%2C86%2C87%2C8%2C94%2C46%2C126%2C79%2C75%2C67%2C107%2C98%2C38%2C127%2C34%2C100%2C12%2C149:0
[  495112ms] [ERROR] Access to fetch at 'https://connect.facebook.net/en_US/fbevents.js' from origin 'https://wetransfer.com' has been blocked by CORS policy: No 'Access-Control-Allow-Origin' header is present on the requested resource. @ https://wetransfer.com/:0
[  495112ms] [ERROR] Failed to load resource: net::ERR_FAILED @ https://connect.facebook.net/en_US/fbevents.js:0
[  495494ms] [ERROR] Access to fetch at 'https://tagging.wetransfer.com/gtag/js?id=G-0M019DTWVR&cx=c&gtm=4e62a1&sign=57bf864c9916975ccc1a43d74d5e463e2c6e20a2d9431a56a6d78f770dcdda68_20260211' from origin 'https://wetransfer.com' has been blocked by CORS policy: No 'Access-Control-Allow-Origin' header is present on the requested resource. @ https://wetransfer.com/:0
[  495495ms] [ERROR] Failed to load resource: net::ERR_FAILED @ https://tagging.wetransfer.com/gtag/js?id=G-0M019DTWVR&cx=c&gtm=4e62a1&sign=57bf864c9916975ccc1a43d74d5e463e2c6e20a2d9431a56a6d78f770dcdda68_20260211:0
[  495561ms] [ERROR] Access to fetch at 'https://tagging.wetransfer.com/gtm.js?id=GTM-NS54WBW' from origin 'https://wetransfer.com' has been blocked by CORS policy: No 'Access-Control-Allow-Origin' header is present on the requested resource. @ https://wetransfer.com/:0
[  495561ms] [ERROR] Failed to load resource: net::ERR_FAILED @ https://tagging.wetransfer.com/gtm.js?id=GTM-NS54WBW:0
[  495564ms] [ERROR] Access to fetch at 'https://bat.bing.com/bat.js' from origin 'https://wetransfer.com' has been blocked by CORS policy: No 'Access-Control-Allow-Origin' header is present on the requested resource. @ https://wetransfer.com/:0
[  495564ms] [ERROR] Failed to load resource: net::ERR_FAILED @ https://bat.bing.com/bat.js:0
[  595354ms] [WARNING]  [33m[1m⚠[22m[39m Runtime config is deprecated and will be removed in Next.js 16. Please remove the usage of "next/config" from your project. @ https://cdn.wetransfer.com/_next/static/chunks/pages/_app-77d4b8737f59f6e0.js:0
[  596329ms] [WARNING] [Meta Pixel] - Duplicate Pixel ID: 1904796869803472. @ https://connect.facebook.net/en_US/fbevents.js:173
[  597369ms] [ERROR] Failed to load resource: the server responded with a status of 404 (Not Found) @ https://ekstrom.wetransfer.net/v1/customizations/transfers/0863859745711e2cf53050ef0bce638520260122182115:0
[  597383ms] [ERROR] Failed to load resource: the server responded with a status of 404 (Not Found) @ https://ekstrom.wetransfer.net/v1/customizations/transfers/e7ebc14ecb6583316d1d20f8aea43dfd20260122140712:0
[  599707ms] [WARNING] The resource https://apps.rokt.com/icons/rokt-icons.woff was preloaded using link preload but not used within a few seconds from the window's load event. Please make sure it has an appropriate `as` value and it is preloaded intentionally. @ https://apps.rokt.com/wsdk/plugins/dcui/index.html:0
[  628326ms] [ERROR] Access to fetch at 'https://connect.facebook.net/signals/config/1904796869803472?v=2.9.265&r=stable&domain=wetransfer.com&hme=8faeb0ed09c145bbd9d3213e762abac29e9f76b8e7a9df9d71a3058625e3b7dd&ex_m=96%2C187%2C136%2C21%2C68%2C69%2C129%2C64%2C43%2C130%2C73%2C63%2C10%2C143%2C82%2C15%2C95%2C124%2C117%2C71%2C74%2C123%2C140%2C104%2C145%2C7%2C3%2C4%2C6%2C5%2C2%2C83%2C93%2C146%2C151%2C201%2C57%2C167%2C168%2C50%2C238%2C28%2C70%2C213%2C212%2C211%2C30%2C56%2C9%2C59%2C89%2C90%2C91%2C97%2C120%2C29%2C27%2C122%2C119%2C118%2C137%2C72%2C139%2C138%2C45%2C55%2C113%2C14%2C142%2C40%2C226%2C227%2C225%2C24%2C25%2C26%2C17%2C19%2C39%2C35%2C37%2C36%2C78%2C84%2C88%2C102%2C128%2C131%2C41%2C103%2C22%2C20%2C109%2C65%2C33%2C133%2C132%2C134%2C125%2C23%2C32%2C54%2C101%2C141%2C66%2C16%2C135%2C106%2C77%2C62%2C18%2C31%2C249%2C194%2C181%2C182%2C180%2C252%2C244%2C195%2C99%2C121%2C76%2C111%2C49%2C42%2C44%2C105%2C110%2C116%2C53%2C60%2C115%2C48%2C51%2C47%2C92%2C144%2C0%2C114%2C13%2C112%2C11%2C1%2C52%2C85%2C58%2C61%2C108%2C81%2C80%2C147%2C148%2C86%2C87%2C8%2C94%2C46%2C126%2C79%2C75%2C67%2C107%2C98%2C38%2C127%2C34%2C100%2C12%2C149' from origin 'https://wetransfer.com' has been blocked by CORS policy: No 'Access-Control-Allow-Origin' header is present on the requested resource. @ https://wetransfer.com/transfers?group=sent&sortBy=DATE&sortOrder=DESC&p=1:0
[  628326ms] [ERROR] Failed to load resource: net::ERR_FAILED @ https://connect.facebook.net/signals/config/1904796869803472?v=2.9.265&r=stable&domain=wetransfer.com&hme=8faeb0ed09c145bbd9d3213e762abac29e9f76b8e7a9df9d71a3058625e3b7dd&ex_m=96%2C187%2C136%2C21%2C68%2C69%2C129%2C64%2C43%2C130%2C73%2C63%2C10%2C143%2C82%2C15%2C95%2C124%2C117%2C71%2C74%2C123%2C140%2C104%2C145%2C7%2C3%2C4%2C6%2C5%2C2%2C83%2C93%2C146%2C151%2C201%2C57%2C167%2C168%2C50%2C238%2C28%2C70%2C213%2C212%2C211%2C30%2C56%2C9%2C59%2C89%2C90%2C91%2C97%2C120%2C29%2C27%2C122%2C119%2C118%2C137%2C72%2C139%2C138%2C45%2C55%2C113%2C14%2C142%2C40%2C226%2C227%2C225%2C24%2C25%2C26%2C17%2C19%2C39%2C35%2C37%2C36%2C78%2C84%2C88%2C102%2C128%2C131%2C41%2C103%2C22%2C20%2C109%2C65%2C33%2C133%2C132%2C134%2C125%2C23%2C32%2C54%2C101%2C141%2C66%2C16%2C135%2C106%2C77%2C62%2C18%2C31%2C249%2C194%2C181%2C182%2C180%2C252%2C244%2C195%2C99%2C121%2C76%2C111%2C49%2C42%2C44%2C105%2C110%2C116%2C53%2C60%2C115%2C48%2C51%2C47%2C92%2C144%2C0%2C114%2C13%2C112%2C11%2C1%2C52%2C85%2C58%2C61%2C108%2C81%2C80%2C147%2C148%2C86%2C87%2C8%2C94%2C46%2C126%2C79%2C75%2C67%2C107%2C98%2C38%2C127%2C34%2C100%2C12%2C149:0
[  628328ms] [ERROR] Access to fetch at 'https://tagging.wetransfer.com/gtag/js?id=G-0M019DTWVR&cx=c&gtm=4e62a1&sign=57bf864c9916975ccc1a43d74d5e463e2c6e20a2d9431a56a6d78f770dcdda68_20260211' from origin 'https://wetransfer.com' has been blocked by CORS policy: No 'Access-Control-Allow-Origin' header is present on the requested resource. @ https://wetransfer.com/transfers?group=sent&sortBy=DATE&sortOrder=DESC&p=1:0
[  628328ms] [ERROR] Failed to load resource: net::ERR_FAILED @ https://tagging.wetransfer.com/gtag/js?id=G-0M019DTWVR&cx=c&gtm=4e62a1&sign=57bf864c9916975ccc1a43d74d5e463e2c6e20a2d9431a56a6d78f770dcdda68_20260211:0
[  628330ms] [ERROR] Access to fetch at 'https://tagging.wetransfer.com/gtm.js?id=GTM-NS54WBW' from origin 'https://wetransfer.com' has been blocked by CORS policy: No 'Access-Control-Allow-Origin' header is present on the requested resource. @ https://wetransfer.com/transfers?group=sent&sortBy=DATE&sortOrder=DESC&p=1:0
[  628330ms] [ERROR] Failed to load resource: net::ERR_FAILED @ https://tagging.wetransfer.com/gtm.js?id=GTM-NS54WBW:0
[  628335ms] [ERROR] Access to fetch at 'https://cdn.wetransfer.com/_next/static/chunks/webpack-bbd4fb247a0e50c8.js' from origin 'https://wetransfer.com' has been blocked by CORS policy: No 'Access-Control-Allow-Origin' header is present on the requested resource. @ https://wetransfer.com/transfers?group=sent&sortBy=DATE&sortOrder=DESC&p=1:0
[  628335ms] [ERROR] Failed to load resource: net::ERR_FAILED @ https://cdn.wetransfer.com/_next/static/chunks/webpack-bbd4fb247a0e50c8.js:0
[  628337ms] [ERROR] Access to fetch at 'https://cdn.wetransfer.com/_next/static/chunks/framework-6a8a911474b82a4a.js' from origin 'https://wetransfer.com' has been blocked by CORS policy: No 'Access-Control-Allow-Origin' header is present on the requested resource. @ https://wetransfer.com/transfers?group=sent&sortBy=DATE&sortOrder=DESC&p=1:0
[  628337ms] [ERROR] Failed to load resource: net::ERR_FAILED @ https://cdn.wetransfer.com/_next/static/chunks/framework-6a8a911474b82a4a.js:0
[  628338ms] [ERROR] Access to fetch at 'https://cdn.wetransfer.com/_next/static/chunks/main-5e41127e379378ac.js' from origin 'https://wetransfer.com' has been blocked by CORS policy: No 'Access-Control-Allow-Origin' header is present on the requested resource. @ https://wetransfer.com/transfers?group=sent&sortBy=DATE&sortOrder=DESC&p=1:0
[  628338ms] [ERROR] Failed to load resource: net::ERR_FAILED @ https://cdn.wetransfer.com/_next/static/chunks/main-5e41127e379378ac.js:0
[  628340ms] [ERROR] Access to fetch at 'https://cdn.wetransfer.com/_next/static/chunks/pages/_app-77d4b8737f59f6e0.js' from origin 'https://wetransfer.com' has been blocked by CORS policy: No 'Access-Control-Allow-Origin' header is present on the requested resource. @ https://wetransfer.com/transfers?group=sent&sortBy=DATE&sortOrder=DESC&p=1:0
[  628340ms] [ERROR] Failed to load resource: net::ERR_FAILED @ https://cdn.wetransfer.com/_next/static/chunks/pages/_app-77d4b8737f59f6e0.js:0
[  628341ms] [ERROR] Access to fetch at 'https://cdn.wetransfer.com/_next/static/chunks/20658a59-04a571f1a7806a1c.js' from origin 'https://wetransfer.com' has been blocked by CORS policy: No 'Access-Control-Allow-Origin' header is present on the requested resource. @ https://wetransfer.com/transfers?group=sent&sortBy=DATE&sortOrder=DESC&p=1:0
[  628341ms] [ERROR] Failed to load resource: net::ERR_FAILED @ https://cdn.wetransfer.com/_next/static/chunks/20658a59-04a571f1a7806a1c.js:0
[  628342ms] [ERROR] Access to fetch at 'https://cdn.wetransfer.com/_next/static/chunks/1154-584890b98b86a3cc.js' from origin 'https://wetransfer.com' has been blocked by CORS policy: No 'Access-Control-Allow-Origin' header is present on the requested resource. @ https://wetransfer.com/transfers?group=sent&sortBy=DATE&sortOrder=DESC&p=1:0
[  628342ms] [ERROR] Failed to load resource: net::ERR_FAILED @ https://cdn.wetransfer.com/_next/static/chunks/1154-584890b98b86a3cc.js:0
[  628344ms] [ERROR] Access to fetch at 'https://cdn.wetransfer.com/_next/static/chunks/3317-f591c9d734de9b0e.js' from origin 'https://wetransfer.com' has been blocked by CORS policy: No 'Access-Control-Allow-Origin' header is present on the requested resource. @ https://wetransfer.com/transfers?group=sent&sortBy=DATE&sortOrder=DESC&p=1:0
[  628344ms] [ERROR] Failed to load resource: net::ERR_FAILED @ https://cdn.wetransfer.com/_next/static/chunks/3317-f591c9d734de9b0e.js:0
[  628345ms] [ERROR] Access to fetch at 'https://cdn.wetransfer.com/_next/static/chunks/4638-69b828f941e8e0f0.js' from origin 'https://wetransfer.com' has been blocked by CORS policy: No 'Access-Control-Allow-Origin' header is present on the requested resource. @ https://wetransfer.com/transfers?group=sent&sortBy=DATE&sortOrder=DESC&p=1:0
[  628345ms] [ERROR] Failed to load resource: net::ERR_FAILED @ https://cdn.wetransfer.com/_next/static/chunks/4638-69b828f941e8e0f0.js:0
[  628346ms] [ERROR] Access to fetch at 'https://cdn.wetransfer.com/_next/static/chunks/pages/transfers-f13c526815d0a206.js' from origin 'https://wetransfer.com' has been blocked by CORS policy: No 'Access-Control-Allow-Origin' header is present on the requested resource. @ https://wetransfer.com/transfers?group=sent&sortBy=DATE&sortOrder=DESC&p=1:0
[  628346ms] [ERROR] Failed to load resource: net::ERR_FAILED @ https://cdn.wetransfer.com/_next/static/chunks/pages/transfers-f13c526815d0a206.js:0
[  628348ms] [ERROR] Access to fetch at 'https://cdn.wetransfer.com/_next/static/4888df1b2a9f2ca1b456dc4cccfd2c01d72ba648/_buildManifest.js' from origin 'https://wetransfer.com' has been blocked by CORS policy: No 'Access-Control-Allow-Origin' header is present on the requested resource. @ https://wetransfer.com/transfers?group=sent&sortBy=DATE&sortOrder=DESC&p=1:0
[  628348ms] [ERROR] Failed to load resource: net::ERR_FAILED @ https://cdn.wetransfer.com/_next/static/4888df1b2a9f2ca1b456dc4cccfd2c01d72ba648/_buildManifest.js:0
[  628349ms] [ERROR] Access to fetch at 'https://cdn.wetransfer.com/_next/static/4888df1b2a9f2ca1b456dc4cccfd2c01d72ba648/_ssgManifest.js' from origin 'https://wetransfer.com' has been blocked by CORS policy: No 'Access-Control-Allow-Origin' header is present on the requested resource. @ https://wetransfer.com/transfers?group=sent&sortBy=DATE&sortOrder=DESC&p=1:0
[  628349ms] [ERROR] Failed to load resource: net::ERR_FAILED @ https://cdn.wetransfer.com/_next/static/4888df1b2a9f2ca1b456dc4cccfd2c01d72ba648/_ssgManifest.js:0
[  628349ms] [ERROR] Failed to load resource: net::ERR_FILE_NOT_FOUND @ blob:https://wetransfer.com/84b6c535-8556-4265-9150-478d4fc72be1:0
[  628350ms] [ERROR] Access to fetch at 'https://cdn.brandmetrics.com/tag/a79d0565d5244a0f813e40f2c4832d09/wetransfer.js?slang=HU' from origin 'https://wetransfer.com' has been blocked by CORS policy: No 'Access-Control-Allow-Origin' header is present on the requested resource. @ https://wetransfer.com/transfers?group=sent&sortBy=DATE&sortOrder=DESC&p=1:0
[  628350ms] [ERROR] Failed to load resource: net::ERR_FAILED @ https://cdn.brandmetrics.com/tag/a79d0565d5244a0f813e40f2c4832d09/wetransfer.js?slang=HU:0
[  628351ms] [ERROR] Access to fetch at 'https://cdn.brandmetrics.com/scripts/bundle/65568.js?sid=7f2d78d4-f913-42d1-8d60-7c59cb6b6daf&toploc=wetransfer.com&&slang=HU' from origin 'https://wetransfer.com' has been blocked by CORS policy: No 'Access-Control-Allow-Origin' header is present on the requested resource. @ https://wetransfer.com/transfers?group=sent&sortBy=DATE&sortOrder=DESC&p=1:0
[  628351ms] [ERROR] Failed to load resource: net::ERR_FAILED @ https://cdn.brandmetrics.com/scripts/bundle/65568.js?sid=7f2d78d4-f913-42d1-8d60-7c59cb6b6daf&toploc=wetransfer.com&&slang=HU:0
[ 1696761ms] [WARNING]  [33m[1m⚠[22m[39m Runtime config is deprecated and will be removed in Next.js 16. Please remove the usage of "next/config" from your project. @ https://cdn.wetransfer.com/_next/static/chunks/pages/_app-77d4b8737f59f6e0.js:0
[ 1697255ms] [ERROR] Failed to load resource: the server responded with a status of 403 (Forbidden) @ https://auth.wetransfer.com/oauth/token:0
[ 1697804ms] [WARNING]  [33m[1m⚠[22m[39m Runtime config is deprecated and will be removed in Next.js 16. Please remove the usage of "next/config" from your project. @ https://wetransfer.com/_next/static/chunks/pages/_app-77d4b8737f59f6e0.js:0
[ 1698672ms] [ERROR] Failed to load resource: the server responded with a status of 403 (Forbidden) @ https://auth.wetransfer.com/oauth/token:0
[ 1701918ms] [WARNING] The resource https://apps.rokt.com/icons/rokt-icons.woff was preloaded using link preload but not used within a few seconds from the window's load event. Please make sure it has an appropriate `as` value and it is preloaded intentionally. @ https://apps.rokt.com/wsdk/plugins/dcui/index.html:0
