[    2379ms] [ERROR] The Content Security Policy directive 'upgrade-insecure-requests' is ignored when delivered in a report-only policy. @ https://www.care.com/app/mhp:0
[    2436ms] [WARNING]  [33m[1m⚠[22m[39m Runtime config is deprecated and will be removed in Next.js 16. Please remove the usage of "next/config" from your project. @ https://www.care.com/app/mhp/_next/static/chunks/pages/_app-2aba8da61b5e3428.js:0
[    2602ms] [ERROR] The Content Security Policy directive 'upgrade-insecure-requests' is ignored when delivered in a report-only policy. @ https://acsbapp.com/apps/app/dist/js/app.js:0
[    2650ms] [ERROR] The Content Security Policy directive 'upgrade-insecure-requests' is ignored when delivered in a report-only policy. @ about:srcdoc:0
[    2742ms] [ERROR] The Content Security Policy directive 'upgrade-insecure-requests' is ignored when delivered in a report-only policy. @ https://cdn.cookielaw.org/scripttemplates/202510.1.0/otBannerSdk.js:6
[    2742ms] [ERROR] The Content Security Policy directive 'upgrade-insecure-requests' is ignored when delivered in a report-only policy. @ https://cdn.cookielaw.org/scripttemplates/202510.1.0/otBannerSdk.js:6
[    2744ms] [ERROR] The Content Security Policy directive 'upgrade-insecure-requests' is ignored when delivered in a report-only policy. @ https://cdn.cookielaw.org/scripttemplates/202510.1.0/otBannerSdk.js:6
[    2744ms] [ERROR] The Content Security Policy directive 'upgrade-insecure-requests' is ignored when delivered in a report-only policy. @ https://cdn.cookielaw.org/scripttemplates/202510.1.0/otBannerSdk.js:6
[    2970ms] [ERROR] The Content Security Policy directive 'upgrade-insecure-requests' is ignored when delivered in a report-only policy. @ https://script.hotjar.com/modules.ddd41caee2adfc4aedb8.js:3
[    2970ms] [ERROR] The Content Security Policy directive 'upgrade-insecure-requests' is ignored when delivered in a report-only policy. @ https://script.hotjar.com/modules.ddd41caee2adfc4aedb8.js:3
[    3229ms] [ERROR] The Content Security Policy directive 'upgrade-insecure-requests' is ignored when delivered in a report-only policy. @ https://tagging.care.com/gtag/js?id=G-XMJQJVFLTW&cx=c&gtm=4e62b0h2&sign=7cb9d09ce32824f3a07737b5d8d24ff672b5eb50f886f42796297df508013d49_20260211:294
[    3230ms] [ERROR] The Content Security Policy directive 'upgrade-insecure-requests' is ignored when delivered in a report-only policy. @ https://tagging.care.com/gtag/js?id=G-XMJQJVFLTW&cx=c&gtm=4e62b0h2&sign=7cb9d09ce32824f3a07737b5d8d24ff672b5eb50f886f42796297df508013d49_20260211:294
[    3231ms] [ERROR] The Content Security Policy directive 'upgrade-insecure-requests' is ignored when delivered in a report-only policy. @ https://tagging.care.com/gtag/js?id=G-XMJQJVFLTW&cx=c&gtm=4e62b0h2&sign=7cb9d09ce32824f3a07737b5d8d24ff672b5eb50f886f42796297df508013d49_20260211:716
[    3310ms] [ERROR] Framing 'https://tagging.care.com/' violates the following report-only Content Security Policy directive: "frame-src 'self' alchemy.veriff.com www.google.com recaptcha.google.com bid.g.doubleclick.net 12355078.fls.doubleclick.net s.go-mpulse.net carecom.sjv.io apps.rokt.com tr.snapchat.com 3239339.fls.doubleclick.net https://vars.hotjar.com insight.adsrvr.org https://www.youtube.com/ https://ots2-qa.learningcaregroup.com/ScheduleATour/ https://ots2.learningcaregroup.com/ScheduleATour/ td.doubleclick.net https://calendly.com securepubads.g.doubleclick.net *.googlesyndication.com ep2.adtrafficquality.google". The violation has been logged, but no further action has been taken.
 @ https://tagging.care.com/:0
[    3312ms] [ERROR] Framing 'https://tagging.care.com/' violates the following report-only Content Security Policy directive: "frame-src 'self' alchemy.veriff.com www.google.com recaptcha.google.com bid.g.doubleclick.net 12355078.fls.doubleclick.net s.go-mpulse.net carecom.sjv.io apps.rokt.com tr.snapchat.com 3239339.fls.doubleclick.net https://vars.hotjar.com insight.adsrvr.org https://www.youtube.com/ https://ots2-qa.learningcaregroup.com/ScheduleATour/ https://ots2.learningcaregroup.com/ScheduleATour/ td.doubleclick.net https://calendly.com securepubads.g.doubleclick.net *.googlesyndication.com ep2.adtrafficquality.google". The violation has been logged, but no further action has been taken.
 @ https://tagging.care.com/:0
[    4029ms] [ERROR] The Content Security Policy directive 'upgrade-insecure-requests' is ignored when delivered in a report-only policy. @ https://js.adsrvr.org/up_loader.1.1.0.js:0
[    4268ms] [ERROR] Framing 'https://match.adsrvr.org/' violates the following report-only Content Security Policy directive: "frame-src 'self' alchemy.veriff.com www.google.com recaptcha.google.com bid.g.doubleclick.net 12355078.fls.doubleclick.net s.go-mpulse.net carecom.sjv.io apps.rokt.com tr.snapchat.com 3239339.fls.doubleclick.net https://vars.hotjar.com insight.adsrvr.org https://www.youtube.com/ https://ots2-qa.learningcaregroup.com/ScheduleATour/ https://ots2.learningcaregroup.com/ScheduleATour/ td.doubleclick.net https://calendly.com securepubads.g.doubleclick.net *.googlesyndication.com ep2.adtrafficquality.google". The violation has been logged, but no further action has been taken.
 @ https://js.adsrvr.org/:0
[    4333ms] [WARNING] [EmbeddedServiceBootstrap] Warning: EmbeddedService Messaging Bootstrap may not function correctly with this native JS function modified: document.addEventListener @ https://www.care.com/app/mhp/_next/static/chunks/pages/_app-2aba8da61b5e3428.js:8
[    4333ms] [WARNING] [EmbeddedServiceBootstrap] Warning: EmbeddedService Messaging Bootstrap may not function correctly with this native JS function modified: document.removeEventListener @ https://www.care.com/app/mhp/_next/static/chunks/pages/_app-2aba8da61b5e3428.js:8
[    4333ms] [WARNING] [EmbeddedServiceBootstrap] Warning: EmbeddedService Messaging Bootstrap may not function correctly with this native JS function modified: window.addEventListener @ https://www.care.com/app/mhp/_next/static/chunks/pages/_app-2aba8da61b5e3428.js:8
[    4333ms] [WARNING] [EmbeddedServiceBootstrap] Warning: EmbeddedService Messaging Bootstrap may not function correctly with this native JS function modified: window.removeEventListener @ https://www.care.com/app/mhp/_next/static/chunks/pages/_app-2aba8da61b5e3428.js:8
[    4352ms] [ERROR] Framing 'https://match.adsrvr.org/' violates the following report-only Content Security Policy directive: "frame-src 'self' alchemy.veriff.com www.google.com recaptcha.google.com bid.g.doubleclick.net 12355078.fls.doubleclick.net s.go-mpulse.net carecom.sjv.io apps.rokt.com tr.snapchat.com 3239339.fls.doubleclick.net https://vars.hotjar.com insight.adsrvr.org https://www.youtube.com/ https://ots2-qa.learningcaregroup.com/ScheduleATour/ https://ots2.learningcaregroup.com/ScheduleATour/ td.doubleclick.net https://calendly.com securepubads.g.doubleclick.net *.googlesyndication.com ep2.adtrafficquality.google". The violation has been logged, but no further action has been taken.
 @ https://js.adsrvr.org/:0
[    5086ms] [ERROR] The Content Security Policy directive 'upgrade-insecure-requests' is ignored when delivered in a report-only policy. @ https://caredotcom.my.site.com/ESWHCMessagingWeb1736524953965/assets/js/bootstrap.min.js:129
[    5122ms] [ERROR] Framing 'https://caredotcom.my.site.com/' violates the following report-only Content Security Policy directive: "frame-src 'self' alchemy.veriff.com www.google.com recaptcha.google.com bid.g.doubleclick.net 12355078.fls.doubleclick.net s.go-mpulse.net carecom.sjv.io apps.rokt.com tr.snapchat.com 3239339.fls.doubleclick.net https://vars.hotjar.com insight.adsrvr.org https://www.youtube.com/ https://ots2-qa.learningcaregroup.com/ScheduleATour/ https://ots2.learningcaregroup.com/ScheduleATour/ td.doubleclick.net https://calendly.com securepubads.g.doubleclick.net *.googlesyndication.com ep2.adtrafficquality.google". The violation has been logged, but no further action has been taken.
 @ https://caredotcom.my.site.com/:0
[    5333ms] [ERROR] Framing 'https://caredotcom.my.site.com/' violates the following report-only Content Security Policy directive: "frame-src 'self' alchemy.veriff.com www.google.com recaptcha.google.com bid.g.doubleclick.net 12355078.fls.doubleclick.net s.go-mpulse.net carecom.sjv.io apps.rokt.com tr.snapchat.com 3239339.fls.doubleclick.net https://vars.hotjar.com insight.adsrvr.org https://www.youtube.com/ https://ots2-qa.learningcaregroup.com/ScheduleATour/ https://ots2.learningcaregroup.com/ScheduleATour/ td.doubleclick.net https://calendly.com securepubads.g.doubleclick.net *.googlesyndication.com ep2.adtrafficquality.google". The violation has been logged, but no further action has been taken.
 @ https://caredotcom.my.site.com/:0
[    6234ms] [ERROR] Failed to load resource: the server responded with a status of 429 () @ https://o466311.ingest.sentry.io/api/6581953/envelope/?sentry_version=7&sentry_key=6dc92886e5a34d9186572876d1a0a11d&sentry_client=sentry.javascript.nextjs%2F10.19.0:0
