[    2162ms] [ERROR] The Content Security Policy directive 'upgrade-insecure-requests' is ignored when delivered in a report-only policy. @ https://www.care.com/app/mhp:0
[    2209ms] [WARNING]  [33m[1m⚠[22m[39m Runtime config is deprecated and will be removed in Next.js 16. Please remove the usage of "next/config" from your project. @ https://www.care.com/app/mhp/_next/static/chunks/pages/_app-2aba8da61b5e3428.js:0
[    2280ms] [ERROR] The Content Security Policy directive 'upgrade-insecure-requests' is ignored when delivered in a report-only policy. @ https://acsbapp.com/apps/app/dist/js/app.js:0
[    2341ms] [ERROR] The Content Security Policy directive 'upgrade-insecure-requests' is ignored when delivered in a report-only policy. @ about:srcdoc:0
[    2380ms] [ERROR] The Content Security Policy directive 'upgrade-insecure-requests' is ignored when delivered in a report-only policy. @ https://cdn.cookielaw.org/scripttemplates/202510.1.0/otBannerSdk.js:6
[    2380ms] [ERROR] The Content Security Policy directive 'upgrade-insecure-requests' is ignored when delivered in a report-only policy. @ https://cdn.cookielaw.org/scripttemplates/202510.1.0/otBannerSdk.js:6
[    2382ms] [ERROR] The Content Security Policy directive 'upgrade-insecure-requests' is ignored when delivered in a report-only policy. @ https://cdn.cookielaw.org/scripttemplates/202510.1.0/otBannerSdk.js:6
[    2382ms] [ERROR] The Content Security Policy directive 'upgrade-insecure-requests' is ignored when delivered in a report-only policy. @ https://cdn.cookielaw.org/scripttemplates/202510.1.0/otBannerSdk.js:6
[    2496ms] [ERROR] The Content Security Policy directive 'upgrade-insecure-requests' is ignored when delivered in a report-only policy. @ https://script.hotjar.com/modules.ddd41caee2adfc4aedb8.js:3
[    2496ms] [ERROR] The Content Security Policy directive 'upgrade-insecure-requests' is ignored when delivered in a report-only policy. @ https://script.hotjar.com/modules.ddd41caee2adfc4aedb8.js:3
[    2847ms] [ERROR] The Content Security Policy directive 'upgrade-insecure-requests' is ignored when delivered in a report-only policy. @ https://tagging.care.com/gtag/js?id=G-XMJQJVFLTW&cx=c&gtm=4e62a1&sign=c5af7f017c4ec21c880477661753679c8a8ee49f937d6aff289199eee5cfe50b_20260212:294
[    2848ms] [ERROR] The Content Security Policy directive 'upgrade-insecure-requests' is ignored when delivered in a report-only policy. @ https://tagging.care.com/gtag/js?id=G-XMJQJVFLTW&cx=c&gtm=4e62a1&sign=c5af7f017c4ec21c880477661753679c8a8ee49f937d6aff289199eee5cfe50b_20260212:294
[    2850ms] [ERROR] The Content Security Policy directive 'upgrade-insecure-requests' is ignored when delivered in a report-only policy. @ https://tagging.care.com/gtag/js?id=G-XMJQJVFLTW&cx=c&gtm=4e62a1&sign=c5af7f017c4ec21c880477661753679c8a8ee49f937d6aff289199eee5cfe50b_20260212:724
[    2932ms] [ERROR] Framing 'https://tagging.care.com/' violates the following report-only Content Security Policy directive: "frame-src 'self' alchemy.veriff.com www.google.com recaptcha.google.com bid.g.doubleclick.net 12355078.fls.doubleclick.net s.go-mpulse.net carecom.sjv.io apps.rokt.com tr.snapchat.com 3239339.fls.doubleclick.net https://vars.hotjar.com insight.adsrvr.org https://www.youtube.com/ https://ots2-qa.learningcaregroup.com/ScheduleATour/ https://ots2.learningcaregroup.com/ScheduleATour/ td.doubleclick.net https://calendly.com securepubads.g.doubleclick.net *.googlesyndication.com ep2.adtrafficquality.google". The violation has been logged, but no further action has been taken.
 @ https://tagging.care.com/:0
[    2934ms] [ERROR] Framing 'https://tagging.care.com/' violates the following report-only Content Security Policy directive: "frame-src 'self' alchemy.veriff.com www.google.com recaptcha.google.com bid.g.doubleclick.net 12355078.fls.doubleclick.net s.go-mpulse.net carecom.sjv.io apps.rokt.com tr.snapchat.com 3239339.fls.doubleclick.net https://vars.hotjar.com insight.adsrvr.org https://www.youtube.com/ https://ots2-qa.learningcaregroup.com/ScheduleATour/ https://ots2.learningcaregroup.com/ScheduleATour/ td.doubleclick.net https://calendly.com securepubads.g.doubleclick.net *.googlesyndication.com ep2.adtrafficquality.google". The violation has been logged, but no further action has been taken.
 @ https://tagging.care.com/:0
[    3507ms] [ERROR] The Content Security Policy directive 'upgrade-insecure-requests' is ignored when delivered in a report-only policy. @ https://js.adsrvr.org/up_loader.1.1.0.js:0
[    3714ms] [WARNING] [EmbeddedServiceBootstrap] Warning: EmbeddedService Messaging Bootstrap may not function correctly with this native JS function modified: document.addEventListener @ https://www.care.com/app/mhp/_next/static/chunks/pages/_app-2aba8da61b5e3428.js:8
[    3714ms] [WARNING] [EmbeddedServiceBootstrap] Warning: EmbeddedService Messaging Bootstrap may not function correctly with this native JS function modified: document.removeEventListener @ https://www.care.com/app/mhp/_next/static/chunks/pages/_app-2aba8da61b5e3428.js:8
[    3714ms] [WARNING] [EmbeddedServiceBootstrap] Warning: EmbeddedService Messaging Bootstrap may not function correctly with this native JS function modified: window.addEventListener @ https://www.care.com/app/mhp/_next/static/chunks/pages/_app-2aba8da61b5e3428.js:8
[    3714ms] [WARNING] [EmbeddedServiceBootstrap] Warning: EmbeddedService Messaging Bootstrap may not function correctly with this native JS function modified: window.removeEventListener @ https://www.care.com/app/mhp/_next/static/chunks/pages/_app-2aba8da61b5e3428.js:8
[    3864ms] [ERROR] Framing 'https://match.adsrvr.org/' violates the following report-only Content Security Policy directive: "frame-src 'self' alchemy.veriff.com www.google.com recaptcha.google.com bid.g.doubleclick.net 12355078.fls.doubleclick.net s.go-mpulse.net carecom.sjv.io apps.rokt.com tr.snapchat.com 3239339.fls.doubleclick.net https://vars.hotjar.com insight.adsrvr.org https://www.youtube.com/ https://ots2-qa.learningcaregroup.com/ScheduleATour/ https://ots2.learningcaregroup.com/ScheduleATour/ td.doubleclick.net https://calendly.com securepubads.g.doubleclick.net *.googlesyndication.com ep2.adtrafficquality.google". The violation has been logged, but no further action has been taken.
 @ https://js.adsrvr.org/:0
[    3935ms] [ERROR] Framing 'https://match.adsrvr.org/' violates the following report-only Content Security Policy directive: "frame-src 'self' alchemy.veriff.com www.google.com recaptcha.google.com bid.g.doubleclick.net 12355078.fls.doubleclick.net s.go-mpulse.net carecom.sjv.io apps.rokt.com tr.snapchat.com 3239339.fls.doubleclick.net https://vars.hotjar.com insight.adsrvr.org https://www.youtube.com/ https://ots2-qa.learningcaregroup.com/ScheduleATour/ https://ots2.learningcaregroup.com/ScheduleATour/ td.doubleclick.net https://calendly.com securepubads.g.doubleclick.net *.googlesyndication.com ep2.adtrafficquality.google". The violation has been logged, but no further action has been taken.
 @ https://js.adsrvr.org/:0
[    4050ms] [ERROR] The Content Security Policy directive 'upgrade-insecure-requests' is ignored when delivered in a report-only policy. @ https://caredotcom.my.site.com/ESWHCMessagingWeb1736524953965/assets/js/bootstrap.min.js:129
[    4087ms] [ERROR] Framing 'https://caredotcom.my.site.com/' violates the following report-only Content Security Policy directive: "frame-src 'self' alchemy.veriff.com www.google.com recaptcha.google.com bid.g.doubleclick.net 12355078.fls.doubleclick.net s.go-mpulse.net carecom.sjv.io apps.rokt.com tr.snapchat.com 3239339.fls.doubleclick.net https://vars.hotjar.com insight.adsrvr.org https://www.youtube.com/ https://ots2-qa.learningcaregroup.com/ScheduleATour/ https://ots2.learningcaregroup.com/ScheduleATour/ td.doubleclick.net https://calendly.com securepubads.g.doubleclick.net *.googlesyndication.com ep2.adtrafficquality.google". The violation has been logged, but no further action has been taken.
 @ https://caredotcom.my.site.com/:0
[    4237ms] [ERROR] Framing 'https://caredotcom.my.site.com/' violates the following report-only Content Security Policy directive: "frame-src 'self' alchemy.veriff.com www.google.com recaptcha.google.com bid.g.doubleclick.net 12355078.fls.doubleclick.net s.go-mpulse.net carecom.sjv.io apps.rokt.com tr.snapchat.com 3239339.fls.doubleclick.net https://vars.hotjar.com insight.adsrvr.org https://www.youtube.com/ https://ots2-qa.learningcaregroup.com/ScheduleATour/ https://ots2.learningcaregroup.com/ScheduleATour/ td.doubleclick.net https://calendly.com securepubads.g.doubleclick.net *.googlesyndication.com ep2.adtrafficquality.google". The violation has been logged, but no further action has been taken.
 @ https://caredotcom.my.site.com/:0
[    4780ms] [ERROR] Failed to load resource: the server responded with a status of 429 () @ https://o466311.ingest.sentry.io/api/6581953/envelope/?sentry_version=7&sentry_key=6dc92886e5a34d9186572876d1a0a11d&sentry_client=sentry.javascript.nextjs%2F10.19.0:0
[   28174ms] [ERROR] The Content Security Policy directive 'upgrade-insecure-requests' is ignored when delivered in a report-only policy. @ https://www.care.com/app/mhp:0
[   28201ms] [WARNING]  [33m[1m⚠[22m[39m Runtime config is deprecated and will be removed in Next.js 16. Please remove the usage of "next/config" from your project. @ https://www.care.com/app/mhp/_next/static/chunks/pages/_app-2aba8da61b5e3428.js:0
[   28255ms] [ERROR] The Content Security Policy directive 'upgrade-insecure-requests' is ignored when delivered in a report-only policy. @ https://acsbapp.com/apps/app/dist/js/app.js:0
[   28320ms] [ERROR] The Content Security Policy directive 'upgrade-insecure-requests' is ignored when delivered in a report-only policy. @ about:srcdoc:0
[   28366ms] [ERROR] The Content Security Policy directive 'upgrade-insecure-requests' is ignored when delivered in a report-only policy. @ https://script.hotjar.com/modules.ddd41caee2adfc4aedb8.js:3
[   28366ms] [ERROR] The Content Security Policy directive 'upgrade-insecure-requests' is ignored when delivered in a report-only policy. @ https://script.hotjar.com/modules.ddd41caee2adfc4aedb8.js:3
[   28437ms] [ERROR] The Content Security Policy directive 'upgrade-insecure-requests' is ignored when delivered in a report-only policy. @ https://cdn.cookielaw.org/scripttemplates/202510.1.0/otBannerSdk.js:6
[   28437ms] [ERROR] The Content Security Policy directive 'upgrade-insecure-requests' is ignored when delivered in a report-only policy. @ https://cdn.cookielaw.org/scripttemplates/202510.1.0/otBannerSdk.js:6
[   28439ms] [ERROR] The Content Security Policy directive 'upgrade-insecure-requests' is ignored when delivered in a report-only policy. @ https://cdn.cookielaw.org/scripttemplates/202510.1.0/otBannerSdk.js:6
[   28439ms] [ERROR] The Content Security Policy directive 'upgrade-insecure-requests' is ignored when delivered in a report-only policy. @ https://cdn.cookielaw.org/scripttemplates/202510.1.0/otBannerSdk.js:6
[   28445ms] [ERROR] The Content Security Policy directive 'upgrade-insecure-requests' is ignored when delivered in a report-only policy. @ https://js.adsrvr.org/up_loader.1.1.0.js:0
[   28609ms] [ERROR] Framing 'https://match.adsrvr.org/' violates the following report-only Content Security Policy directive: "frame-src 'self' alchemy.veriff.com www.google.com recaptcha.google.com bid.g.doubleclick.net 12355078.fls.doubleclick.net s.go-mpulse.net carecom.sjv.io apps.rokt.com tr.snapchat.com 3239339.fls.doubleclick.net https://vars.hotjar.com insight.adsrvr.org https://www.youtube.com/ https://ots2-qa.learningcaregroup.com/ScheduleATour/ https://ots2.learningcaregroup.com/ScheduleATour/ td.doubleclick.net https://calendly.com securepubads.g.doubleclick.net *.googlesyndication.com ep2.adtrafficquality.google". The violation has been logged, but no further action has been taken.
 @ https://js.adsrvr.org/:0
[   28645ms] [WARNING] [EmbeddedServiceBootstrap] Warning: EmbeddedService Messaging Bootstrap may not function correctly with this native JS function modified: document.addEventListener @ https://www.care.com/app/mhp/_next/static/chunks/pages/_app-2aba8da61b5e3428.js:8
[   28645ms] [WARNING] [EmbeddedServiceBootstrap] Warning: EmbeddedService Messaging Bootstrap may not function correctly with this native JS function modified: document.removeEventListener @ https://www.care.com/app/mhp/_next/static/chunks/pages/_app-2aba8da61b5e3428.js:8
[   28645ms] [WARNING] [EmbeddedServiceBootstrap] Warning: EmbeddedService Messaging Bootstrap may not function correctly with this native JS function modified: window.addEventListener @ https://www.care.com/app/mhp/_next/static/chunks/pages/_app-2aba8da61b5e3428.js:8
[   28645ms] [WARNING] [EmbeddedServiceBootstrap] Warning: EmbeddedService Messaging Bootstrap may not function correctly with this native JS function modified: window.removeEventListener @ https://www.care.com/app/mhp/_next/static/chunks/pages/_app-2aba8da61b5e3428.js:8
[   28667ms] [ERROR] Framing 'https://match.adsrvr.org/' violates the following report-only Content Security Policy directive: "frame-src 'self' alchemy.veriff.com www.google.com recaptcha.google.com bid.g.doubleclick.net 12355078.fls.doubleclick.net s.go-mpulse.net carecom.sjv.io apps.rokt.com tr.snapchat.com 3239339.fls.doubleclick.net https://vars.hotjar.com insight.adsrvr.org https://www.youtube.com/ https://ots2-qa.learningcaregroup.com/ScheduleATour/ https://ots2.learningcaregroup.com/ScheduleATour/ td.doubleclick.net https://calendly.com securepubads.g.doubleclick.net *.googlesyndication.com ep2.adtrafficquality.google". The violation has been logged, but no further action has been taken.
 @ https://js.adsrvr.org/:0
[   28825ms] [ERROR] The Content Security Policy directive 'upgrade-insecure-requests' is ignored when delivered in a report-only policy. @ https://tagging.care.com/gtag/js?id=G-XMJQJVFLTW&cx=c&gtm=4e62a1&sign=c5af7f017c4ec21c880477661753679c8a8ee49f937d6aff289199eee5cfe50b_20260212:294
[   28825ms] [ERROR] The Content Security Policy directive 'upgrade-insecure-requests' is ignored when delivered in a report-only policy. @ https://tagging.care.com/gtag/js?id=G-XMJQJVFLTW&cx=c&gtm=4e62a1&sign=c5af7f017c4ec21c880477661753679c8a8ee49f937d6aff289199eee5cfe50b_20260212:294
[   28828ms] [ERROR] The Content Security Policy directive 'upgrade-insecure-requests' is ignored when delivered in a report-only policy. @ https://tagging.care.com/gtag/js?id=G-XMJQJVFLTW&cx=c&gtm=4e62a1&sign=c5af7f017c4ec21c880477661753679c8a8ee49f937d6aff289199eee5cfe50b_20260212:724
[   28912ms] [ERROR] Framing 'https://tagging.care.com/' violates the following report-only Content Security Policy directive: "frame-src 'self' alchemy.veriff.com www.google.com recaptcha.google.com bid.g.doubleclick.net 12355078.fls.doubleclick.net s.go-mpulse.net carecom.sjv.io apps.rokt.com tr.snapchat.com 3239339.fls.doubleclick.net https://vars.hotjar.com insight.adsrvr.org https://www.youtube.com/ https://ots2-qa.learningcaregroup.com/ScheduleATour/ https://ots2.learningcaregroup.com/ScheduleATour/ td.doubleclick.net https://calendly.com securepubads.g.doubleclick.net *.googlesyndication.com ep2.adtrafficquality.google". The violation has been logged, but no further action has been taken.
 @ https://tagging.care.com/:0
[   28914ms] [ERROR] Framing 'https://tagging.care.com/' violates the following report-only Content Security Policy directive: "frame-src 'self' alchemy.veriff.com www.google.com recaptcha.google.com bid.g.doubleclick.net 12355078.fls.doubleclick.net s.go-mpulse.net carecom.sjv.io apps.rokt.com tr.snapchat.com 3239339.fls.doubleclick.net https://vars.hotjar.com insight.adsrvr.org https://www.youtube.com/ https://ots2-qa.learningcaregroup.com/ScheduleATour/ https://ots2.learningcaregroup.com/ScheduleATour/ td.doubleclick.net https://calendly.com securepubads.g.doubleclick.net *.googlesyndication.com ep2.adtrafficquality.google". The violation has been logged, but no further action has been taken.
 @ https://tagging.care.com/:0
[   28917ms] [ERROR] The Content Security Policy directive 'upgrade-insecure-requests' is ignored when delivered in a report-only policy. @ https://caredotcom.my.site.com/ESWHCMessagingWeb1736524953965/assets/js/bootstrap.min.js:129
[   28956ms] [ERROR] Framing 'https://caredotcom.my.site.com/' violates the following report-only Content Security Policy directive: "frame-src 'self' alchemy.veriff.com www.google.com recaptcha.google.com bid.g.doubleclick.net 12355078.fls.doubleclick.net s.go-mpulse.net carecom.sjv.io apps.rokt.com tr.snapchat.com 3239339.fls.doubleclick.net https://vars.hotjar.com insight.adsrvr.org https://www.youtube.com/ https://ots2-qa.learningcaregroup.com/ScheduleATour/ https://ots2.learningcaregroup.com/ScheduleATour/ td.doubleclick.net https://calendly.com securepubads.g.doubleclick.net *.googlesyndication.com ep2.adtrafficquality.google". The violation has been logged, but no further action has been taken.
 @ https://caredotcom.my.site.com/:0
[   28958ms] [ERROR] Framing 'https://caredotcom.my.site.com/' violates the following report-only Content Security Policy directive: "frame-src 'self' alchemy.veriff.com www.google.com recaptcha.google.com bid.g.doubleclick.net 12355078.fls.doubleclick.net s.go-mpulse.net carecom.sjv.io apps.rokt.com tr.snapchat.com 3239339.fls.doubleclick.net https://vars.hotjar.com insight.adsrvr.org https://www.youtube.com/ https://ots2-qa.learningcaregroup.com/ScheduleATour/ https://ots2.learningcaregroup.com/ScheduleATour/ td.doubleclick.net https://calendly.com securepubads.g.doubleclick.net *.googlesyndication.com ep2.adtrafficquality.google". The violation has been logged, but no further action has been taken.
 @ https://caredotcom.my.site.com/:0
[   31509ms] [ERROR] Failed to load resource: the server responded with a status of 429 () @ https://o466311.ingest.sentry.io/api/6581953/envelope/?sentry_version=7&sentry_key=6dc92886e5a34d9186572876d1a0a11d&sentry_client=sentry.javascript.nextjs%2F10.19.0:0
[   54811ms] [ERROR] The Content Security Policy directive 'upgrade-insecure-requests' is ignored when delivered in a report-only policy. @ https://www.care.com/visitor/homePage.do:0
[   54900ms] [ERROR] The Content Security Policy directive 'upgrade-insecure-requests' is ignored when delivered in a report-only policy. @ https://acsbapp.com/apps/app/dist/js/app.js:0
[   54969ms] [ERROR] The Content Security Policy directive 'upgrade-insecure-requests' is ignored when delivered in a report-only policy. @ about:srcdoc:0
[   55152ms] [ERROR] The Content Security Policy directive 'upgrade-insecure-requests' is ignored when delivered in a report-only policy. @ https://script.hotjar.com/modules.ddd41caee2adfc4aedb8.js:3
[   55152ms] [ERROR] The Content Security Policy directive 'upgrade-insecure-requests' is ignored when delivered in a report-only policy. @ https://script.hotjar.com/modules.ddd41caee2adfc4aedb8.js:3
[   55213ms] [ERROR] The Content Security Policy directive 'upgrade-insecure-requests' is ignored when delivered in a report-only policy. @ https://cdn.cookielaw.org/scripttemplates/202510.1.0/otBannerSdk.js:6
[   55213ms] [ERROR] The Content Security Policy directive 'upgrade-insecure-requests' is ignored when delivered in a report-only policy. @ https://cdn.cookielaw.org/scripttemplates/202510.1.0/otBannerSdk.js:6
[   55215ms] [ERROR] The Content Security Policy directive 'upgrade-insecure-requests' is ignored when delivered in a report-only policy. @ https://cdn.cookielaw.org/scripttemplates/202510.1.0/otBannerSdk.js:6
[   55215ms] [ERROR] The Content Security Policy directive 'upgrade-insecure-requests' is ignored when delivered in a report-only policy. @ https://cdn.cookielaw.org/scripttemplates/202510.1.0/otBannerSdk.js:6
[   55375ms] [ERROR] The Content Security Policy directive 'upgrade-insecure-requests' is ignored when delivered in a report-only policy. @ https://tagging.care.com/gtag/js?id=G-XMJQJVFLTW&cx=c&gtm=4e62a1&sign=c5af7f017c4ec21c880477661753679c8a8ee49f937d6aff289199eee5cfe50b_20260212:294
[   55375ms] [ERROR] The Content Security Policy directive 'upgrade-insecure-requests' is ignored when delivered in a report-only policy. @ https://tagging.care.com/gtag/js?id=G-XMJQJVFLTW&cx=c&gtm=4e62a1&sign=c5af7f017c4ec21c880477661753679c8a8ee49f937d6aff289199eee5cfe50b_20260212:294
[   55377ms] [ERROR] The Content Security Policy directive 'upgrade-insecure-requests' is ignored when delivered in a report-only policy. @ https://tagging.care.com/gtag/js?id=G-XMJQJVFLTW&cx=c&gtm=4e62a1&sign=c5af7f017c4ec21c880477661753679c8a8ee49f937d6aff289199eee5cfe50b_20260212:724
[   55453ms] [ERROR] Framing 'https://tagging.care.com/' violates the following report-only Content Security Policy directive: "frame-src 'self' alchemy.veriff.com www.google.com recaptcha.google.com bid.g.doubleclick.net 12355078.fls.doubleclick.net s.go-mpulse.net carecom.sjv.io apps.rokt.com tr.snapchat.com 3239339.fls.doubleclick.net https://vars.hotjar.com insight.adsrvr.org https://www.youtube.com/ https://ots2-qa.learningcaregroup.com/ScheduleATour/ https://ots2.learningcaregroup.com/ScheduleATour/ td.doubleclick.net https://calendly.com securepubads.g.doubleclick.net *.googlesyndication.com ep2.adtrafficquality.google". The violation has been logged, but no further action has been taken.
 @ https://tagging.care.com/:0
[   55455ms] [ERROR] Framing 'https://tagging.care.com/' violates the following report-only Content Security Policy directive: "frame-src 'self' alchemy.veriff.com www.google.com recaptcha.google.com bid.g.doubleclick.net 12355078.fls.doubleclick.net s.go-mpulse.net carecom.sjv.io apps.rokt.com tr.snapchat.com 3239339.fls.doubleclick.net https://vars.hotjar.com insight.adsrvr.org https://www.youtube.com/ https://ots2-qa.learningcaregroup.com/ScheduleATour/ https://ots2.learningcaregroup.com/ScheduleATour/ td.doubleclick.net https://calendly.com securepubads.g.doubleclick.net *.googlesyndication.com ep2.adtrafficquality.google". The violation has been logged, but no further action has been taken.
 @ https://tagging.care.com/:0
[   56256ms] [ERROR] The Content Security Policy directive 'upgrade-insecure-requests' is ignored when delivered in a report-only policy. @ https://js.adsrvr.org/up_loader.1.1.0.js:0
[   56258ms] [WARNING] <meta name="apple-mobile-web-app-capable" content="yes"> is deprecated. Please include <meta name="mobile-web-app-capable" content="yes"> @ https://www.care.com/visitor/homePage.do:0
[   56431ms] [ERROR] Framing 'https://match.adsrvr.org/' violates the following report-only Content Security Policy directive: "frame-src 'self' alchemy.veriff.com www.google.com recaptcha.google.com bid.g.doubleclick.net 12355078.fls.doubleclick.net s.go-mpulse.net carecom.sjv.io apps.rokt.com tr.snapchat.com 3239339.fls.doubleclick.net https://vars.hotjar.com insight.adsrvr.org https://www.youtube.com/ https://ots2-qa.learningcaregroup.com/ScheduleATour/ https://ots2.learningcaregroup.com/ScheduleATour/ td.doubleclick.net https://calendly.com securepubads.g.doubleclick.net *.googlesyndication.com ep2.adtrafficquality.google". The violation has been logged, but no further action has been taken.
 @ https://js.adsrvr.org/:0
[   56546ms] [ERROR] Framing 'https://match.adsrvr.org/' violates the following report-only Content Security Policy directive: "frame-src 'self' alchemy.veriff.com www.google.com recaptcha.google.com bid.g.doubleclick.net 12355078.fls.doubleclick.net s.go-mpulse.net carecom.sjv.io apps.rokt.com tr.snapchat.com 3239339.fls.doubleclick.net https://vars.hotjar.com insight.adsrvr.org https://www.youtube.com/ https://ots2-qa.learningcaregroup.com/ScheduleATour/ https://ots2.learningcaregroup.com/ScheduleATour/ td.doubleclick.net https://calendly.com securepubads.g.doubleclick.net *.googlesyndication.com ep2.adtrafficquality.google". The violation has been logged, but no further action has been taken.
 @ https://js.adsrvr.org/:0
