[GET] https://wetransfer.com/ => [200] 
[GET] https://fonts.googleapis.com/css2?family=Dancing+Script&family=Kalam&family=Unna&display=swap => [200] 
[GET] https://cdn.wetransfer.com/_next/static/css/e8d4f32cb6da50ec.css => [200] 
[GET] https://wetransfer.com/api/config.js => [200] 
[GET] https://cdn.wetransfer.com/_next/static/chunks/webpack-bbd4fb247a0e50c8.js => [200] 
[GET] https://cdn.wetransfer.com/_next/static/chunks/framework-6a8a911474b82a4a.js => [200] OK
[GET] https://cdn.wetransfer.com/_next/static/chunks/main-5e41127e379378ac.js => [200] OK
[GET] https://cdn.wetransfer.com/_next/static/chunks/pages/_app-77d4b8737f59f6e0.js => [200] 
[GET] https://cdn.wetransfer.com/_next/static/chunks/20658a59-04a571f1a7806a1c.js => [200] OK
[GET] https://cdn.wetransfer.com/_next/static/chunks/1154-584890b98b86a3cc.js => [200] OK
[GET] https://cdn.wetransfer.com/_next/static/chunks/3317-f591c9d734de9b0e.js => [200] 
[GET] https://cdn.wetransfer.com/_next/static/chunks/4638-69b828f941e8e0f0.js => [200] 
[GET] https://cdn.wetransfer.com/_next/static/chunks/pages/index-0df8f95e8bae55b1.js => [200] OK
[GET] https://cdn.wetransfer.com/_next/static/4888df1b2a9f2ca1b456dc4cccfd2c01d72ba648/_buildManifest.js => [200] 
[GET] https://cdn.wetransfer.com/_next/static/4888df1b2a9f2ca1b456dc4cccfd2c01d72ba648/_ssgManifest.js => [200] 
[GET] https://bat.bing.com/bat.js => [200] 
[GET] https://bat.bing.com/p/action/187220883.js => [200] 
[GET] https://tagging.wetransfer.com/gtm.js?id=GTM-NS54WBW => [200] 
[GET] https://accounts.google.com/gsi/client => [200] 
[GET] https://wetransfer.com/ => [200] 
[GET] https://cdn.wetransfer.com/_next/static/chunks/a7be5a01.4f2f1b5a21cc94f2.js => [200] OK
[GET] https://cdn.wetransfer.com/_next/static/chunks/659d642d.e5e0e7e513a8d8fa.js => [200] OK
[GET] https://cdn.wetransfer.com/_next/static/chunks/2065.ae291369fb3ba1c0.js => [200] OK
[GET] https://cdn.wetransfer.com/_next/static/chunks/8922.c2d4c7e16636d580.js => [200] 
[GET] https://cdn.wetransfer.com/_next/static/chunks/2134.aca82b9211c081eb.js => [200] OK
[GET] https://cdn.wetransfer.com/_next/static/chunks/920.8a26ac146eac83b6.js => [200] 
[GET] https://cdn.wetransfer.com/_next/static/chunks/6339.6e521988ff3890c1.js => [200] 
[GET] https://cdn.wetransfer.com/_next/static/chunks/184.755a2e252f04a8f0.js => [200] 
[GET] https://tagging.wetransfer.com/gtag/js?id=G-0M019DTWVR&cx=c&gtm=4e62a1&sign=57bf864c9916975ccc1a43d74d5e463e2c6e20a2d9431a56a6d78f770dcdda68_20260211 => [200] 
[GET] https://js.adsrvr.org/up_loader.1.1.0.js => [200] OK
[GET] https://c.amazon-adsystem.com/aat/amzn.js => [200] OK
[GET] https://di.rlcdn.com/api/segment?pid=712597&pdata=sid%3Dundefined%2Cuid%3Dundefined => [FAILED] net::ERR_BLOCKED_BY_ORB
[GET] https://cdn.wetransfer.com/_next/static/css/fa0d4444015e15f3.css => [200] 
[GET] https://cdn.wetransfer.com/_next/static/css/e8ef40084c3c7f3d.css => [200] 
[GET] https://cdn.wetransfer.com/_next/static/css/8addf1f9d499fdf5.css => [200] OK
[GET] https://cdn.wetransfer.com/_next/static/css/93d2695391a6f3e8.css => [200] OK
[GET] https://cdn.wetransfer.com/_next/static/css/8dfe07dc7898f73a.css => [200] 
[GET] https://cdn.wetransfer.com/_next/static/chunks/9358.b1c8b3e97323df13.js => [200] 
[GET] https://cdn.wetransfer.com/_next/static/chunks/8805.5a6426439a55b7e6.js => [200] 
[GET] https://cdn.wetransfer.com/_next/static/chunks/2941.387d2a20b3dd8e53.js => [200] 
[GET] https://cdn.wetransfer.com/_next/static/chunks/873.30b0bfe6e19fcf8d.js => [200] 
[GET] https://cdn.wetransfer.com/_next/static/chunks/989.30bc33fc9b37e0b5.js => [200] 
[GET] https://cdn.wetransfer.com/_next/static/css/e1c92ab5ba327845.css => [200] 
[GET] https://cdn.wetransfer.com/_next/static/css/c44eaf2f171e9317.css => [200] 
[GET] https://cdn.wetransfer.com/_next/static/css/6a41e03e6f842c51.css => [200] OK
[GET] https://cdn.wetransfer.com/_next/static/css/5fdef6466858b3ab.css => [200] 
[GET] https://cdn.wetransfer.com/_next/static/css/36ba212f2c0967e7.css => [200] 
[GET] https://cdn.wetransfer.com/_next/static/css/8f7f3eb043222db4.css => [200] 
[GET] https://cdn.wetransfer.com/_next/static/css/f9f2db67624f60b4.css => [200] 
[GET] https://cdn.wetransfer.com/_next/static/css/73967446a5280761.css => [200] 
[GET] https://cdn.wetransfer.com/_next/static/css/61c67ae8c001af0f.css => [200] 
[GET] https://cdn.wetransfer.com/_next/static/css/ab72ffb476f51924.css => [200] 
[GET] https://cdn.wetransfer.com/_next/static/css/0e9fc415e64f39c0.css => [200] 
[GET] https://cdn.wetransfer.com/_next/static/css/a0da0ae56006251c.css => [200] 
[GET] https://cdn.wetransfer.com/_next/static/css/f897756156d39f32.css => [200] 
[GET] https://cdn.wetransfer.com/_next/static/css/2a8e4f68b2a4e2a0.css => [200] 
[GET] https://cdn.wetransfer.com/_next/static/css/363cabd8a5aabca8.css => [200] 
[GET] https://cdn.wetransfer.com/_next/static/css/55c71be40e0a9cfe.css => [200] 
[GET] https://cdn.wetransfer.com/_next/static/css/3909417d8fdef7e5.css => [200] 
[GET] https://cdn.wetransfer.com/_next/static/css/edc220930ecfaf23.css => [200] 
[GET] https://cdn.wetransfer.com/_next/static/css/b562c79a2dfc7116.css => [200] 
[GET] https://cdn.wetransfer.com/_next/static/chunks/d21c9336.6a560a122758c672.js => [200] OK
[GET] https://cdn.wetransfer.com/_next/static/chunks/b7bfefd8.dea6109cdbe9293c.js => [200] 
[GET] https://cdn.wetransfer.com/_next/static/chunks/9688.cc2795d4a7164a6b.js => [200] 
[GET] https://cdn.wetransfer.com/_next/static/chunks/5048.1bc493ef1d7c0e8d.js => [200] 
[GET] https://c.amazon-adsystem.com/aat/amzn.js => [200] OK
[GET] https://tagging.wetransfer.com/g/collect?v=2&tid=G-0M019DTWVR&gtm=45he62a1v893550495z8890364660za20kzb890364660zd890364660&_p=1770848977639&gcs=G111&gcd=13t3tPt2t6l1&npa=0&dma_cps=syphamo&dma=1&cid=1754852070.1769296177&ecid=1118588953&ul=en-us&sr=1920x1080&ur=&uaa=arm&uab=64&uafvl=Not(A%253ABrand%3B8.0.0.0%7CChromium%3B144.0.7559.133%7CGoogle%2520Chrome%3B144.0.7559.133&uamb=0&uam=&uap=macOS&uapv=26.2.0&uaw=0&are=1&frm=0&pscdl=noapi&_eu=AAAAAGQ&sst.rnd=1812927295.1770848978&sst.tft=1770848977639&sst.lpc=112539906&sst.navt=n&sst.ude=0&sst.sw_exp=1&_s=1&tag_exp=103116026~103200004~104527906~104528501~104684208~104684211~115938465~115938469~116185181~116185182~116988315&dl=https%3A%2F%2Fwetransfer.com%2F&sid=1770848811&sct=7&seg=1&dt=&_tu=DAg&en=page_view&ep.gtm_info=GTM-NS54WBW%7Cversion%3A136%7Cenvironment%3ALive%7Cdebug%3Afalse&ep.consent_analytics=true&ep.consent_marketing=true&ep.hit_timestamp_local=2026-02-11T23%3A29%3A37.687%2B01%3A00&epn.hit_timestamp_unix=1770848977687&ep.tag_name=GA4%20-%20page_view&ep.wt_data=%7B%22navigator_language%22%3A%22en-US%22%2C%22action_source%22%3A%22web%22%7D&_et=3&tfd=338&richsstsse => [200] 
[GET] https://di.rlcdn.com/api/segment?pid=712597&pdata=sid%3Dundefined%2Cuid%3Dundefined => [FAILED] net::ERR_BLOCKED_BY_ORB
[GET] https://c.amazon-adsystem.com/aat/amzn.js => [200] OK
[GET] https://aax-eu.amazon-adsystem.com/s/iu3?pid=9b73dfcd-001f-400a-b379-8258969df4a1&event=Homepage&ts=1770848977693&eventSource=amzn.js&uuid=7da3fd46-fcf7-4683-a4c2-c4786fc90baf => [200] 
[GET] https://tagging.wetransfer.com/_/service_worker/61k0/sw_iframe.html?origin=https%3A%2F%2Fwetransfer.com&1p=1 => [200] OK
[GET] https://js.stripe.com/v3 => [200] 
[GET] https://cdn.wetransfer.com/_next/static/chunks/3469.ac619db91713c9ee.js => [200] 
[POST] https://wetransfer.com/api/web-metrics => [200] 
[GET] https://accounts.google.com/gsi/style => [200] 
[GET] https://wetransfer.com/adroit/api/v1/catalog/tiers?country_code=HU&experiments=enterprise-pricing-repackaging,ultimate-weekly-pricing-v2 => [200] 
[GET] https://wetransfer.com/ => [200] 
[GET] https://cdn.wetransfer.com/_next/static/media/ActiefGrotesque-Regular.f4e76979.woff2 => [200] OK
[GET] https://googleads.g.doubleclick.net/pagead/viewthroughconversion/778938880/?random=1514612163&fst=1770848977848&cv=10&fmt=3&bg=ffffff&guid=ON&u_w=1920&u_h=1080&gtm=45h91e62a0v893550495z8890364660z9890153243za20kzb890364660zd890364660&url=https%3A%2F%2Fwetransfer.com%2F&auid=2039122893.1769298191&uaa=arm&uab=64&uafvl=Not(A%253ABrand%3B8.0.0.0%7CChromium%3B144.0.7559.133%7CGoogle%2520Chrome%3B144.0.7559.133&uamb=0&uam=&uap=macOS&uapv=26.2.0&uaw=0&dma=1&dma_cps=syphamo&npa=0&gcs=G111&gcd=13t3tPt2t6l1&pscdl=noapi&_is_sw=f15s0te&tag_exp=103116026~103200004~104527906~104528501~104684208~104684211~115938465~115938469~116185181~116185182~116988315&_tu=DAg => [302] 
[GET] https://ad.doubleclick.net/activity;register_conversion=1;src=12370788;type=pagev0;cat=wetra00;ord=763589542;gtm=45h91e62a0v893550495z8890364660z9890153243za20kzb890364660zd890364660;dc_pre=1;u1=%2F;u4=1754852070.1769296177;u8=en-US;u11=https%3A%2F%2Fwetransfer.com%2F;dma=1;dma_cps=syphamo;npa=0;gcs=G111;gcd=13t3tPt2t6l1;uaa=arm;uab=64;uafvl=Not(A%253ABrand%3B8.0.0.0%7CChromium%3B144.0.7559.133%7CGoogle%2520Chrome%3B144.0.7559.133;uamb=0;uam=;uap=macOS;uapv=26.2.0;uaw=0;pscdl=noapi;auiddc=2039122893.1769298191;tag_exp=103116026~103200004~104527906~104528501~104684208~104684211~115938465~115938469~116185181~116185182~116988315;_tu=DAg;ps=1;pcor=802810567;s3p=1;~oref=https%3A%2F%2Fwetransfer.com%2F? => [200] 
[GET] https://ad.doubleclick.net/activity;src=12370788;type=pagev0;cat=wetra00;ord=763589542;gtm=45h91e62a0v893550495z8890364660z9890153243za20kzb890364660zd890364660;dc_pre=1;u1=%2F;u4=1754852070.1769296177;u8=en-US;u11=https%3A%2F%2Fwetransfer.com%2F;dma=1;dma_cps=syphamo;npa=0;gcs=G111;gcd=13t3tPt2t6l1;uaa=arm;uab=64;uafvl=Not(A%253ABrand%3B8.0.0.0%7CChromium%3B144.0.7559.133%7CGoogle%2520Chrome%3B144.0.7559.133;uamb=0;uam=;uap=macOS;uapv=26.2.0;uaw=0;pscdl=noapi;auiddc=2039122893.1769298191;tag_exp=103116026~103200004~104527906~104528501~104684208~104684211~115938465~115938469~116185181~116185182~116988315;_tu=DAg;ps=1;pcor=802810567;s3p=1;_is_sw=f15s0te;~oref=https%3A%2F%2Fwetransfer.com%2F? => [302] 
[GET] https://ad.doubleclick.net/activity;register_conversion=1;src=12370788;type=pagev0;cat=wetra0;ord=370898067;gtm=45h91e62a0v893550495z8890364660z9890153243za20kzb890364660zd890364660;dc_pre=1;u1=%2F;u4=1754852070.1769296177;u8=en-US;u11=https%3A%2F%2Fwetransfer.com%2F;dma=1;dma_cps=syphamo;npa=0;gcs=G111;gcd=13t3tPt2t6l1;uaa=arm;uab=64;uafvl=Not(A%253ABrand%3B8.0.0.0%7CChromium%3B144.0.7559.133%7CGoogle%2520Chrome%3B144.0.7559.133;uamb=0;uam=;uap=macOS;uapv=26.2.0;uaw=0;pscdl=noapi;auiddc=2039122893.1769298191;tag_exp=103116026~103200004~104527906~104528501~104684208~104684211~115938465~115938469~116185181~116185182~116988315;_tu=DAg;ps=1;pcor=1990031878;s3p=1;~oref=https%3A%2F%2Fwetransfer.com%2F? => [200] 
[GET] https://ad.doubleclick.net/activity;src=12370788;type=pagev0;cat=wetra0;ord=370898067;gtm=45h91e62a0v893550495z8890364660z9890153243za20kzb890364660zd890364660;dc_pre=1;u1=%2F;u4=1754852070.1769296177;u8=en-US;u11=https%3A%2F%2Fwetransfer.com%2F;dma=1;dma_cps=syphamo;npa=0;gcs=G111;gcd=13t3tPt2t6l1;uaa=arm;uab=64;uafvl=Not(A%253ABrand%3B8.0.0.0%7CChromium%3B144.0.7559.133%7CGoogle%2520Chrome%3B144.0.7559.133;uamb=0;uam=;uap=macOS;uapv=26.2.0;uaw=0;pscdl=noapi;auiddc=2039122893.1769298191;tag_exp=103116026~103200004~104527906~104528501~104684208~104684211~115938465~115938469~116185181~116185182~116988315;_tu=DAg;ps=1;pcor=1990031878;s3p=1;_is_sw=f15s0te;~oref=https%3A%2F%2Fwetransfer.com%2F? => [302] 
[HEAD] https://pagead2.googlesyndication.com/pagead/js/adsbygoogle.js => [200] 
[GET] https://www.clarity.ms/tag/uet/187220883?conversions=1 => [200] OK
[POST] https://bat.bing.com/actionp/0?ti=187220883&Ver=2&mid=db7e922b-0a89-4f0c-8aa8-b4b4cac6d061&bo=1&evt=consent&src=default&cdb=AQAS&asc=G => [204] 
[POST] https://auth.wetransfer.com/oauth/token => [200] 
[GET] https://tagging.wetransfer.com/_/set_cookie?val=%2FpbYTTb0wb04wuXNkQuP%2FolIpXBVTGfNm8ZDIQVVaKQd5qjjCKRej1fCzaEidtCjanz1ukHXat5K%2FZd3zE%2B1SmRFv4ODFsj3vUQq6b1aK69NuQOuXKeVEwOgnRSzIKAWAZlHLef%2FzLVt4%2FWNDz7ls6KrZ0PJBuyMTxttz41Ge4kC93q8t87S8YPiE%2Fo9oSoikU4%2BV0OyaYyDNQ%3D%3D&path=%2F => [200] 
[GET] https://ara.paa-reporting-advertising.amazon/aat?pid=9b73dfcd-001f-400a-b379-8258969df4a1&event=Homepage&ts=1770848977693&eventSource=amzn.js&uuid=7da3fd46-fcf7-4683-a4c2-c4786fc90baf => [200] 
[GET] https://aax-eu.amazon-adsystem.com/s/iu3?pid=9b73dfcd-001f-400a-b379-8258969df4a1&event=Homepage&ts=1770848977693&eventSource=amzn.js&uuid=7da3fd46-fcf7-4683-a4c2-c4786fc90baf => [200] 
[GET] https://www.google.com/pagead/1p-user-list/778938880/?random=1514612163&fst=1770847200000&cv=10&fmt=3&bg=ffffff&guid=ON&u_w=1920&u_h=1080&gtm=45h91e62a0v893550495z8890364660z9890153243za20kzb890364660zd890364660&url=https%3A%2F%2Fwetransfer.com%2F&auid=2039122893.1769298191&uaa=arm&uab=64&uafvl=Not(A%253ABrand%3B8.0.0.0%7CChromium%3B144.0.7559.133%7CGoogle%2520Chrome%3B144.0.7559.133&uamb=0&uam=&uap=macOS&uapv=26.2.0&uaw=0&dma=1&dma_cps=syphamo&npa=0&gcs=G111&gcd=13t3tPt2t6l1&pscdl=noapi&_is_sw=f15s0te&tag_exp=103116026~103200004~104527906~104528501~104684208~104684211~115938465~115938469~116185181~116185182~116988315&_tu=DAg&is_vtc=1&cid=CAQSLADnonV59r-jW11F6xGHBPl0etqNYXtiaFEaAkItHMPN5fh9Pflg6zMhPsEo&random=2547008861 => [302] 
[OPTIONS] https://e-10220.adzerk.net/api/v2 => [200] 
[GET] https://adservice.google.com/ddm/fls/z/src=12370788;type=pagev0;cat=wetra00;ord=763589542;gtm=45h91e62a0v893550495z8890364660z9890153243za20kzb890364660zd890364660;dc_pre=1;u1=%2F;u4=1754852070.1769296177;u8=en-US;u11=https%3A%2F%2Fwetransfer.com%2F;dma=1;dma_cps=syphamo;npa=0;gcs=G111;gcd=13t3tPt2t6l1;uaa=arm;uab=64;uafvl=Not(A%253ABrand%3B8.0.0.0%7CChromium%3B144.0.7559.133%7CGoogle%2520Chrome%3B144.0.7559.133;uamb=0;uam=;uap=macOS;uapv=26.2.0;uaw=0;pscdl=noapi;auiddc=*;tag_exp=103116026~103200004~104527906~104528501~104684208~104684211~115938465~115938469~116185181~116185182~116988315;_tu=DAg;ps=1;pcor=802810567;s3p=1;_is_sw=f15s0te;~oref=https%3A%2F%2Fwetransfer.com%2F => [200] 
[GET] https://adservice.google.com/ddm/fls/z/src=12370788;type=pagev0;cat=wetra0;ord=370898067;gtm=45h91e62a0v893550495z8890364660z9890153243za20kzb890364660zd890364660;dc_pre=1;u1=%2F;u4=1754852070.1769296177;u8=en-US;u11=https%3A%2F%2Fwetransfer.com%2F;dma=1;dma_cps=syphamo;npa=0;gcs=G111;gcd=13t3tPt2t6l1;uaa=arm;uab=64;uafvl=Not(A%253ABrand%3B8.0.0.0%7CChromium%3B144.0.7559.133%7CGoogle%2520Chrome%3B144.0.7559.133;uamb=0;uam=;uap=macOS;uapv=26.2.0;uaw=0;pscdl=noapi;auiddc=*;tag_exp=103116026~103200004~104527906~104528501~104684208~104684211~115938465~115938469~116185181~116185182~116988315;_tu=DAg;ps=1;pcor=1990031878;s3p=1;_is_sw=f15s0te;~oref=https%3A%2F%2Fwetransfer.com%2F => [200] 
[GET] https://www.google.hu/pagead/1p-user-list/778938880/?random=1514612163&fst=1770847200000&cv=10&fmt=3&bg=ffffff&guid=ON&u_w=1920&u_h=1080&gtm=45h91e62a0v893550495z8890364660z9890153243za20kzb890364660zd890364660&url=https%3A%2F%2Fwetransfer.com%2F&auid=2039122893.1769298191&uaa=arm&uab=64&uafvl=Not(A%253ABrand%3B8.0.0.0%7CChromium%3B144.0.7559.133%7CGoogle%2520Chrome%3B144.0.7559.133&uamb=0&uam=&uap=macOS&uapv=26.2.0&uaw=0&dma=1&dma_cps=syphamo&npa=0&gcs=G111&gcd=13t3tPt2t6l1&pscdl=noapi&_is_sw=f15s0te&tag_exp=103116026~103200004~104527906~104528501~104684208~104684211~115938465~115938469~116185181~116185182~116988315&_tu=DAg&is_vtc=1&cid=CAQSLADnonV59r-jW11F6xGHBPl0etqNYXtiaFEaAkItHMPN5fh9Pflg6zMhPsEo&random=2547008861&ipr=y => [200] 
[GET] https://scripts.clarity.ms/0.8.54/clarity.js => [200] 
[GET] https://wetransfer.com/adroit/api/v1/teams/domain => [200] OK
[GET] https://wetransfer.com/adroit/api/v1/users/me => [200] 
[GET] https://wetransfer.com/api/v4/auth/session => [200] 
[GET] https://insight.adsrvr.org/track/cei?advertiser_id=81c3jgn&cookie_sync=1&upv=3.0.0&upid=re36kbe&ref=https://wetransfer.com/ => [200] 
[GET] https://connect.facebook.net/en_US/fbevents.js => [200] 
[GET] https://bat.bing.com/bat.js => [200] 
[GET] https://s.pinimg.com/ct/core.js => [200] 
[POST] https://www.google.com/ccm/collect?frm=0&en=page_view&dl=https%3A%2F%2Fwetransfer.com%2F&scrsrc=tagging.wetransfer.com&rnd=1812927295.1770848978&dt=WeTransfer%20%7C%20Send%20Large%20Files%20Fast&auid=523310975.1769298193&navt=n&npa=0&ep.ads_data_redaction=0&_tu=CA&gtm=45Fe62a1v890364660za204zd890364660xea&gcs=G111&gcd=13t3t3t2t5l1&dma_cps=syphamo&dma=1&tag_exp=103116026~103200004~104527906~104528500~104684208~104684211~115616985~115938465~115938469~116185181~116185182~116988315~117447493&apve=1&apvf=f&apvc=1&tft=1770848978386&tfd=967 => [200] 
[GET] https://s.pinimg.com/ct/lib/main.e258cfd2.js => [200] 
[GET] https://connect.facebook.net/signals/config/1904796869803472?v=2.9.265&r=stable&domain=wetransfer.com&hme=8faeb0ed09c145bbd9d3213e762abac29e9f76b8e7a9df9d71a3058625e3b7dd&ex_m=96%2C187%2C136%2C21%2C68%2C69%2C129%2C64%2C43%2C130%2C73%2C63%2C10%2C143%2C82%2C15%2C95%2C124%2C117%2C71%2C74%2C123%2C140%2C104%2C145%2C7%2C3%2C4%2C6%2C5%2C2%2C83%2C93%2C146%2C151%2C201%2C57%2C167%2C168%2C50%2C238%2C28%2C70%2C213%2C212%2C211%2C30%2C56%2C9%2C59%2C89%2C90%2C91%2C97%2C120%2C29%2C27%2C122%2C119%2C118%2C137%2C72%2C139%2C138%2C45%2C55%2C113%2C14%2C142%2C40%2C226%2C227%2C225%2C24%2C25%2C26%2C17%2C19%2C39%2C35%2C37%2C36%2C78%2C84%2C88%2C102%2C128%2C131%2C41%2C103%2C22%2C20%2C109%2C65%2C33%2C133%2C132%2C134%2C125%2C23%2C32%2C54%2C101%2C141%2C66%2C16%2C135%2C106%2C77%2C62%2C18%2C31%2C249%2C194%2C181%2C182%2C180%2C252%2C244%2C195%2C99%2C121%2C76%2C111%2C49%2C42%2C44%2C105%2C110%2C116%2C53%2C60%2C115%2C48%2C51%2C47%2C92%2C144%2C0%2C114%2C13%2C112%2C11%2C1%2C52%2C85%2C58%2C61%2C108%2C81%2C80%2C147%2C148%2C86%2C87%2C8%2C94%2C46%2C126%2C79%2C75%2C67%2C107%2C98%2C38%2C127%2C34%2C100%2C12%2C149 => [200] 
[GET] https://ct.pinterest.com/user/?tid=2612705757018&pd=%7B%22pin_unauth%22%3A%22dWlkPVptUXdaVGM0TVRjdE5HVmhaaTAwWWpZeExXRmxPREF0WVdVeVlUSm1ZMkV3TUROaA%22%7D&cb=1770848978398&dep=2%2CPAGE_LOAD => [200] 
[GET] https://ct.pinterest.com/user/?event=pagevisit&tid=2612705757018&cb=1770848978400&dep=5%2CEVENT_TAGS_ABSENT => [200] 
[GET] https://ct.pinterest.com/v3/?tid=2612705757018&pd=%7B%22pin_unauth%22%3A%22dWlkPVptUXdaVGM0TVRjdE5HVmhaaTAwWWpZeExXRmxPREF0WVdVeVlUSm1ZMkV3TUROaA%22%7D&event=init&ad=%7B%22loc%22%3A%22https%3A%2F%2Fwetransfer.com%2F%22%2C%22ref%22%3A%22%22%2C%22if%22%3Afalse%2C%22sh%22%3A1080%2C%22sw%22%3A1920%2C%22mh%22%3A%22e258cfd2%22%2C%22is_eu%22%3Atrue%2C%22architecture%22%3A%22arm%22%2C%22bitness%22%3A%2264%22%2C%22brands%22%3A%5B%7B%22brand%22%3A%22Not(A%3ABrand%22%2C%22version%22%3A%228%22%7D%2C%7B%22brand%22%3A%22Chromium%22%2C%22version%22%3A%22144%22%7D%2C%7B%22brand%22%3A%22Google%20Chrome%22%2C%22version%22%3A%22144%22%7D%5D%2C%22mobile%22%3Afalse%2C%22model%22%3A%22%22%2C%22platform%22%3A%22macOS%22%2C%22platformVersion%22%3A%2226.2.0%22%2C%22uaFullVersion%22%3A%22144.0.7559.133%22%2C%22ecm_enabled%22%3Atrue%7D&cb=1770848978401 => [200] 
[GET] https://www.facebook.com/tr/?id=1904796869803472&ev=PageView&dl=https%3A%2F%2Fwetransfer.com%2F&rl=&if=false&ts=1770848978412&sw=1920&sh=1080&v=2.9.265&r=stable&a=tmSimo-GTM-WebTemplate&ec=0&o=4126&fbp=fb.1.1769296206675.795966740761937661&cs_est=true&ler=empty&cdl=API_unavailable&pmd[title]=WeTransfer%20%7C%20Send%20Large%20Files%20Fast&plt=231.60000002384186&it=1770848978396&coo=false&tm=1&expv2[0]=pl1&expv2[1]=el2&expv2[2]=bc1&expv2[3]=ra2&expv2[4]=rp2&expv2[5]=ct3&expv2[6]=hf0&rqm=GET => [200] 
[GET] https://www.facebook.com/privacy_sandbox/pixel/register/trigger/?id=1904796869803472&ev=PageView&dl=https%3A%2F%2Fwetransfer.com%2F&rl=&if=false&ts=1770848978412&sw=1920&sh=1080&v=2.9.265&r=stable&a=tmSimo-GTM-WebTemplate&ec=0&o=4126&fbp=fb.1.1769296206675.795966740761937661&cs_est=true&ler=empty&cdl=API_unavailable&pmd[title]=WeTransfer%20%7C%20Send%20Large%20Files%20Fast&plt=231.60000002384186&it=1770848978396&coo=false&tm=1&expv2[0]=pl1&expv2[1]=el2&expv2[2]=bc1&expv2[3]=ra2&expv2[4]=rp2&expv2[5]=ct3&expv2[6]=hf0&rqm=FGET => [200] 
[POST] https://n.clarity.ms/collect => [204] No Content
[GET] https://bat.bing.com/action/0?ti=187220883&Ver=2&mid=db7e922b-0a89-4f0c-8aa8-b4b4cac6d061&bo=2&sid=c3603540079811f1a47481a3c79577f8&vid=02dc23a0f71a11f09e7069c4355e8831&vids=0&msclkid=N&pi=918639831&lg=en-US&sw=1920&sh=1080&sc=24&tl=WeTransfer%20%7C%20Send%20Large%20Files%20Fast&p=https%3A%2F%2Fwetransfer.com%2F&r=&lt=962&evt=pageLoad&sv=2&asc=G&cdb=AQAS&rn=741120 => [204] 
[POST] https://www.google.com/ccm/collect?frm=0&en=page_view&dl=https%3A%2F%2Fwetransfer.com%2F&scrsrc=tagging.wetransfer.com&rnd=1812927295.1770848978&dt=WeTransfer%20%7C%20Send%20Large%20Files%20Fast&auid=523310975.1769298193&navt=n&npa=0&ep.ads_data_redaction=0&_tu=CA&gtm=45Fe62a1v890364660za204zd890364660xea&gcs=G111&gcd=13t3t3t2t5l1&dma_cps=syphamo&dma=1&tag_exp=103116026~103200004~104527906~104528500~104684208~104684211~115616985~115938465~115938469~116185181~116185182~116988315~117447493&apve=1&apvf=f&apvc=1&tft=1770848978386&tfd=967 => [200] 
[GET] https://wetransfer.com/api/v4/accounts/162959811 => [200] 
[GET] https://wetransfer.com/api/v4/users/data-processing-preference => [200] 
[GET] https://wetransfer.com/api/v4/teams => [200] 
[GET] https://wetransfer.com/adroit/api/v1/catalog/tiers?country_code=HU&experiments=enterprise-pricing-repackaging,ultimate-weekly-pricing-v2 => [200] 
[GET] https://ct.pinterest.com/static/ct/token_create.js => [200] OK
[GET] https://ct.pinterest.com/ct.html => [200] 
[GET] https://ct.pinterest.com/v3/?event=pagevisit&tid=2612705757018&cb=1770848978713&dep=5%2CEVENT_TAGS_ABSENT&pd=%7B%22pin_unauth%22%3A%22dWlkPVptUXdaVGM0TVRjdE5HVmhaaTAwWWpZeExXRmxPREF0WVdVeVlUSm1ZMkV3TUROaA%22%7D&ad=%7B%22loc%22%3A%22https%3A%2F%2Fwetransfer.com%2F%22%2C%22ref%22%3A%22%22%2C%22if%22%3Afalse%2C%22sh%22%3A1080%2C%22sw%22%3A1920%2C%22mh%22%3A%22e258cfd2%22%2C%22is_eu%22%3Atrue%2C%22architecture%22%3A%22arm%22%2C%22bitness%22%3A%2264%22%2C%22brands%22%3A%5B%7B%22brand%22%3A%22Not(A%3ABrand%22%2C%22version%22%3A%228%22%7D%2C%7B%22brand%22%3A%22Chromium%22%2C%22version%22%3A%22144%22%7D%2C%7B%22brand%22%3A%22Google%20Chrome%22%2C%22version%22%3A%22144%22%7D%5D%2C%22mobile%22%3Afalse%2C%22model%22%3A%22%22%2C%22platform%22%3A%22macOS%22%2C%22platformVersion%22%3A%2226.2.0%22%2C%22uaFullVersion%22%3A%22144.0.7559.133%22%2C%22ecm_enabled%22%3Atrue%7D => [200] 
[GET] https://cdn.wetransfer.com/_next/static/chunks/1895.ef809f7d868f7111.js => [200] 
[POST] https://bat.bing.com/actionp/0?ti=187220883&Ver=2&mid=db7e922b-0a89-4f0c-8aa8-b4b4cac6d061&bo=3&sid=c3603540079811f1a47481a3c79577f8&vid=02dc23a0f71a11f09e7069c4355e8831&vids=0&msclkid=N&evt=consent&src=update&cdb=AQAS&asc=G => [204] 
[GET] https://cdn.cookielaw.org/scripttemplates/otSDKStub.js => [200] 
[GET] https://wetransfer.com/adroit/api/v1/catalog/tiers?country_code=HU&team_id=T822aFVwzduuHDbRUnES&experiments=enterprise-pricing-repackaging,ultimate-weekly-pricing-v2 => [200] 
[GET] https://wetransfer.com/adroit/api/v1/teams/T822aFVwzduuHDbRUnES/subscription/details => [200] OK
[GET] https://wetransfer.com/adroit/api/v1/teams/T822aFVwzduuHDbRUnES/billing-information => [200] OK
[GET] https://wetransfer.com/adroit/api/v1/teams/T822aFVwzduuHDbRUnES => [200] OK
[GET] https://wetransfer.com/adroit/api/v1/teams/T822aFVwzduuHDbRUnES/payment-methods => [200] 
[GET] https://wetransfer.com/api/v4/entitlements/workspaces/T822aFVwzduuHDbRUnES => [200] 
[GET] https://wetransfer.com/api/v4/entitlements/workspaces/own => [200] 
[GET] https://wetransfer.com/api/v4/teams/T822aFVwzduuHDbRUnES/policies => [200] 
[POST] https://wetransfer.com/api/web-metrics => [200] 
[POST] https://wetransfer.com/api/web-metrics => [200] 
[GET] https://www.facebook.com/tr/?id=1904796869803472&ev=PageView&dl=https%3A%2F%2Fwetransfer.com%2F&rl=&if=false&ts=1770848978805&sw=1920&sh=1080&ie%5Ba%5D=1&v=2.9.265&r=stable&a=tmSimo-GTM-WebTemplate&ec=1&o=4126&fbp=fb.1.1769296206675.795966740761937661&cs_est=true&ler=empty&cdl=API_unavailable&pmd[title]=WeTransfer%20%7C%20Send%20Large%20Files%20Fast&plt=231.60000002384186&it=1770848978804&coo=false&expv2[0]=pl1&expv2[1]=el2&expv2[2]=bc1&expv2[3]=ra2&expv2[4]=rp2&expv2[5]=ct3&expv2[6]=hf0&rqm=GET => [200] 
[GET] https://www.facebook.com/privacy_sandbox/pixel/register/trigger/?id=1904796869803472&ev=PageView&dl=https%3A%2F%2Fwetransfer.com%2F&rl=&if=false&ts=1770848978805&sw=1920&sh=1080&ie%5Ba%5D=1&v=2.9.265&r=stable&a=tmSimo-GTM-WebTemplate&ec=1&o=4126&fbp=fb.1.1769296206675.795966740761937661&cs_est=true&ler=empty&cdl=API_unavailable&pmd[title]=WeTransfer%20%7C%20Send%20Large%20Files%20Fast&plt=231.60000002384186&it=1770848978804&coo=false&expv2[0]=pl1&expv2[1]=el2&expv2[2]=bc1&expv2[3]=ra2&expv2[4]=rp2&expv2[5]=ct3&expv2[6]=hf0&rqm=FGET => [200] 
[GET] https://cdn.cookielaw.org/consent/019a7cff-b87a-796e-89ea-cd16a2434ba7/019a7cff-b87a-796e-89ea-cd16a2434ba7.json => [200] OK
[GET] https://cdn.cookielaw.org/scripttemplates/202512.1.0/otBannerSdk.js => [200] 
[GET] https://cdn.cookielaw.org/consent/019a7cff-b87a-796e-89ea-cd16a2434ba7/019aea4a-a775-7224-9ddf-ce37584659cb/en.json => [200] 
[GET] https://cdn.cookielaw.org/vendorlist/iab2V2Data.json => [200] 
[GET] https://cdn.cookielaw.org/scripttemplates/202512.1.0/otTCF.js => [200] 
[GET] https://js.adsrvr.org/universal_pixel.js => [200] OK
[GET] https://cdn.cookielaw.org/scripttemplates/202512.1.0/assets/otFlat.json => [200] OK
[GET] https://cdn.cookielaw.org/scripttemplates/202512.1.0/assets/v2/otPcCenter.json => [200] 
[GET] https://cdn.cookielaw.org/scripttemplates/202512.1.0/assets/otCookieSettingsButton.json => [200] OK
[GET] https://cdn.cookielaw.org/scripttemplates/202512.1.0/assets/otCommonStyles.css => [200] 
[GET] https://cdn.cookielaw.org/logos/static/ot_guard_logo.svg => [200] 
[GET] https://cdn.cookielaw.org/logos/static/ot_company_logo.png => [200] 
[GET] https://cdn.cookielaw.org/logos/static/powered_by_logo.svg => [200] 
[GET] https://js.stripe.com/v3/m-outer-3437aaddcdf6922d623e172c2d6f9278.html => [200] OK
[GET] https://js.stripe.com/v3/fingerprinted/js/m-outer-15a2b40a058ddff1cffdb63779fe3de1.js => [200] OK
[GET] https://m.stripe.network/inner.html => [200] OK
[GET] https://public.profitwell.com/js/profitwell.js?auth=1a33eb12b20b92f6b89c398e023e2ca1 => [200] 
[GET] https://apps.rokt.com/wsdk/integrations/launcher.js => [200] 
[GET] https://apps.rokt.com/wsdk/controller/index.2.7382.0.html => [200] 
[GET] https://apps.rokt.com/wsdk/plugins/widget/index.html => [200] OK
[GET] https://apps.rokt.com/wsdk/plugins/dcui/index.html => [200] 
[POST] https://bsp-proxy.wetransfer.net/pico/v4/web-events => [200] 
[POST] https://insight.adsrvr.org/track/realtimeconversion => [200] 
[GET] https://helios-assets.wetransfer.net/default/team_placeholder_06.png => [200] 
[GET] https://cdn.wetransfer.com/_next/static/media/ActiefGrotesque-Medium.1acd899d.woff2 => [200] 
[GET] https://cdn.wetransfer.com/_next/static/media/ActiefGrotesque_W_Medium.7e37a161.woff => [200] 
[GET] https://m.stripe.network/out-4.5.45.js => [200] 
[GET] https://apps.rokt.com/wsdk/plugins/widget/modern/index.4283398c194bf19eb368.js => [200] 
[GET] https://apps.rokt.com/icons/rokt-icons.woff => [200] 
[GET] https://apps.rokt.com/wsdk/plugins/dcui/global-reporter.e3363615cf7714e86390.js => [200] 
[GET] https://apps.rokt.com/wsdk/plugins/dcui/index.73eb0e182dc2a59bafb7.js => [200] 
[GET] https://cdn.wetransfer.com/_next/static/media/ActiefGrotesque_W_Bd.6d0b90be.woff => [200] 
[POST] https://m.stripe.com/6 => [200] 
[GET] https://cdn.wetransfer.com/_next/static/media/ActiefGrotesque_W_Regular.458577e8.woff => [200] 
[GET] https://cdn.wetransfer.com/_next/static/media/ActiefGrotesque-Bold.10832e10.woff2 => [200] 
[GET] https://js.hcaptcha.com/1/api.js?onload=hCaptchaOnLoad&render=explicit&uj=false => [200] 
[GET] https://wetransfer.com/api/v4/contacts => [200] 
[GET] https://wetransfer.com/api/v4/upload-requests => [200] 
[GET] https://nolan.wetransfer.net/apps/desktop-wallpaper/asset-manifest.json => [200] OK
[GET] https://wetransfer.com/assets/images/transfer_window/add-files-v2.svg => [200] 
[GET] https://wetransfer.com/assets/images/transfer_window/add-folders-v2.svg => [200] 
[GET] https://wetransfer.com/api/v4/users/medical-consent-preference => [200] 
[GET] https://wetransfer.com/api/v4/users/data-processing-preference => [200] 
[GET] https://wetransfer.com/api/v4/entitlements/workspaces/own => [200] 
[GET] https://wetransfer.com/api/v4/entitlements/workspaces/T822aFVwzduuHDbRUnES => [200] 
[GET] https://nolan.wetransfer.net/apps/desktop-wallpaper/0.8.14/main.a504446ede9b00ca.js => [200] 
[GET] https://www2.profitwell.com/dotjs/v1/quests/customer/?user_email=badrdinbelkadi%40gmail.com&custom_styles=%7B%7D&is_apple_pay_supported=false => [204] 
[GET] blob:https://wetransfer.com/14ec707d-5671-46eb-b367-c71511ce6a07 => [200] OK
[GET] https://cdn.brandmetrics.com/tag/a79d0565d5244a0f813e40f2c4832d09/wetransfer.js?slang=HU => [200] 
[POST] https://lebowski.wetransfer.com/v1/desktop => [200] OK
[GET] https://newassets.hcaptcha.com/captcha/v1/7210442cb676ff601d6a57e2974699c174e0abbb/static/hcaptcha.html => [200] 
[GET] https://newassets.hcaptcha.com/captcha/v1/7210442cb676ff601d6a57e2974699c174e0abbb/static/hcaptcha.html => [200] 
[GET] https://cdn.brandmetrics.com/scripts/bundle/65568.js?sid=7f2d78d4-f913-42d1-8d60-7c59cb6b6daf&toploc=wetransfer.com&&slang=HU => [200] 
[GET] https://collector.brandmetrics.com/c.js?siteid=7f2d78d4-f913-42d1-8d60-7c59cb6b6daf&toploc=wetransfer.com&rnd=7234080&slang=hu => [200] 
[GET] https://4415a0034075.w.hcaptcha.com/logo.png => [200] OK
[POST] https://api.hcaptcha.com/checksiteconfig?v=7210442cb676ff601d6a57e2974699c174e0abbb&host=wetransfer.com&sitekey=ad963d46-f0c6-4fba-9e8e-175828580614&sc=1&swa=1&spst=1 => [200] 
[GET] https://newassets.hcaptcha.com/c/6a28d5b4d670d9593edd03cb5b2f23addee4eb5650850b30e03883cd038bbd3d/hsw.js => [200] 
[GET] https://nolan.wetransfer.net/apps/desktop-web-renderer/0.6.20/index.html?_origin=https://wetransfer.com&_placement=creative-frame-896050375:841598809:1770848979845 => [200] 
[GET] blob:https://newassets.hcaptcha.com/45a2ecae-62d2-416e-9526-e20aa4f975af
[GET] blob:https://newassets.hcaptcha.com/9a61005e-4416-4a08-bd88-e933645a9c4c => [200] OK
[GET] https://www.datadoghq-browser-agent.com/eu1/v5/datadog-rum-slim.js => [200] 
[GET] https://nolan.wetransfer.net/apps/desktop-web-renderer/0.6.20/main.b102b0be726bbb12.js => [200] 
[GET] https://backgrounds.wetransfer.net/genie/wetransfer/2504/static-ultimateanimated/1_hUYzQC/index.html?_origin=https://nolan.wetransfer.net&_placement=desktop-web-renderer => [200] OK
[GET] https://backgrounds.wetransfer.net/genie/wetransfer/2504/static-ultimateanimated/1_hUYzQC/bundle.1bcdad37c01d7b8832f3.js => [200] 
[GET] https://backgrounds.wetransfer.net/genie/wetransfer/2504/static-ultimateanimated/1_hUYzQC/460.aa9676a6181ef8e8e439.js => [200] OK
[GET] https://donny.wetransfer.com/i.gif?e=eyJ2IjoiMS4xNCIsImF2Ijo0Mjg5MjEsImF0Ijo5NTksImJ0IjowLCJjbSI6NjM4NzY1NDE3LCJjaCI6MzQ5MDIsImNrIjp7fSwiY3IiOjcyMTc2MTE2OCwiZGkiOiI2YTNhZjk1OTU1MDc0OTFhYjY3ZWRiZjk3YTA0ZTliNyIsImRqIjowLCJpaSI6Ijk2N2U4NTM2NGJiYTRhMmY5YmJmODMxNjQwODY2ZGU4IiwiZG0iOjMsImZjIjo4OTYwNTAzNzUsImZsIjo4NDE1OTg4MDksImlwIjoiODkuMTM0LjE3LjI5IiwibnciOjEwMjIwLCJwYyI6MCwib3AiOjAsIm1wIjowLCJlYyI6MCwiZ20iOjAsImVwIjpudWxsLCJwciI6MTQ5Njg4LCJydCI6MSwicnMiOjUwMCwic2EiOiI5OCIsInNiIjoiaS0wMDI1M2E5YzE4NjUzZDI4YiIsInNwIjoyODU0ODcsInN0IjoxMDU1OTIyLCJ0ciI6dHJ1ZSwidWsiOiJlOWRmM2E2NzZjNTIwN2FmYTM4YzVhOWQyMTdlNzJjODU5YTcxMzg2NTA2MDFiOTAyMGNkNDNlMSIsInpuIjoxOTkwNzEsInptIjpbMTk5MDcxXSwidHMiOjE3NzA4NDg5Nzk3MTYsInBuIjoiaWZyYW1lIiwiZ3IiOnRydWUsImdjIjp0cnVlLCJnQyI6dHJ1ZSwiZ2kiOnRydWUsImdzIjoicmVxIiwidHoiOiJFdXJvcGUvTG9uZG9uIiwiYmEiOjEsImZxIjowfQ&s=iAx96BqDwPI_lLRS7uq6pYweQeM&product=web => [200] OK
[GET] https://wt-prod-euwest1-genie-assets.s3.eu-west-1.amazonaws.com/wetransfer/2504/static-ultimateanimated/1_hUYzQC/Animazione%201%20-%20Render.gif => [200] OK
[GET] https://wt-prod-euwest1-genie-assets.s3.eu-west-1.amazonaws.com/wetransfer/2504/static-ultimateanimated/1_hUYzQC/Copy1.svg => [200] OK
[GET] https://wt-prod-euwest1-genie-assets.s3.eu-west-1.amazonaws.com/wetransfer/2504/static-ultimateanimated/1_hUYzQC/Button.svg => [200] OK
[POST] https://bsp-proxy.wetransfer.net/pico/v4/web-events => [200] 
[GET] https://wetransfer.com/api/v4/users => [404] 
[GET] chrome-extension://gppongmhjkpfnbhagpmjfkannfbllamg/js/js.js => [200] OK
[GET] chrome-extension://gppongmhjkpfnbhagpmjfkannfbllamg/js/dom.js => [200] OK
[GET] chrome-extension://gppongmhjkpfnbhagpmjfkannfbllamg/js/js.js => [200] OK
[GET] chrome-extension://gppongmhjkpfnbhagpmjfkannfbllamg/js/dom.js => [200] OK
[GET] https://tagging.wetransfer.com/gtm.js => [400] 
[GET] https://tagging.wetransfer.com/gtag/js => [400] 
[GET] https://tagging.wetransfer.com/g/collect => [400] 
[POST] https://lebowski.wetransfer.com/v1/desktop => [200] OK
[GET] https://nolan.wetransfer.net/apps/desktop-web-renderer/0.6.20/index.html?_origin=https://wetransfer.com&_placement=creative-frame-1050649744:862161412:1770849010064 => [200] 
[GET] https://www.datadoghq-browser-agent.com/eu1/v5/datadog-rum-slim.js => [200] 
[GET] https://nolan.wetransfer.net/apps/desktop-web-renderer/0.6.20/main.b102b0be726bbb12.js => [200] 
[GET] https://backgrounds.wetransfer.net/genie/wepresent-december-2025/gustavo-nazareno/wp5-vertical-3/1_Xm8Tkg/index.html?_origin=https://nolan.wetransfer.net&_placement=desktop-web-renderer => [200] 
[GET] https://backgrounds.wetransfer.net/genie/wepresent-december-2025/gustavo-nazareno/wp5-vertical-3/1_Xm8Tkg/bundle.6e8ac11dd3ebc163f1eb.js => [200] 
[GET] https://backgrounds.wetransfer.net/genie/wepresent-december-2025/gustavo-nazareno/wp5-vertical-3/1_Xm8Tkg/460.b5ad68d662816b90b613.js => [200] 
[GET] https://donny.wetransfer.com/i.gif?e=eyJ2IjoiMS4xNCIsImF2Ijo0Mjg3NTksImF0Ijo5NTksImJ0IjowLCJjbSI6NjU4NzU1MDg5LCJjaCI6MzQ5MDIsImNrIjp7fSwiY3IiOjg3NjE0MDMwNCwiZGkiOiJiNDhiZjYzZGJmNDg0ZGVjODA3NWZiNjZmMTM2MWRiMiIsImRqIjowLCJpaSI6IjY0NWE2MDBlZjAxMzQxZThiYzc4ZTU2NjQ2OWVhMmM2IiwiZG0iOjMsImZjIjoxMDUwNjQ5NzQ0LCJmbCI6ODYyMTYxNDEyLCJpcCI6Ijg5LjEzNC4xNy4yOSIsIm53IjoxMDIyMCwicGMiOjAsIm9wIjowLCJtcCI6MCwiZWMiOjAsImdtIjowLCJlcCI6bnVsbCwicHIiOjEzOTY4NiwicnQiOjEsInJzIjo1MDAsInNhIjoiOTgiLCJzYiI6ImktMDQzYzlhNWQzZWMzZDQ5N2YiLCJzcCI6NDc3NzcwLCJzdCI6MTA1NTkyMiwidWsiOiJlOWRmM2E2NzZjNTIwN2FmYTM4YzVhOWQyMTdlNzJjODU5YTcxMzg2NTA2MDFiOTAyMGNkNDNlMSIsInpuIjoxOTkwNzIsInptIjpbMTk5MDcyXSwidHMiOjE3NzA4NDkwMTAwMDgsInBuIjoiaWZyYW1lIiwiZ3IiOnRydWUsImdjIjp0cnVlLCJnQyI6dHJ1ZSwiZ2kiOnRydWUsImdzIjoicmVxIiwidHoiOiJFdXJvcGUvQW1zdGVyZGFtIiwiYmEiOjEsImZxIjowfQ&s=g-B8iv66BIDjC1hzWIxpVnMmCkw&product=web => [200] OK
[GET] https://wt-prod-euwest1-genie-assets.s3.eu-west-1.amazonaws.com/WePresent/Wepresent-logo.svg => [200] OK
[GET] https://wt-prod-euwest1-genie-assets.s3.eu-west-1.amazonaws.com/wepresent-december-2025/gustavo-nazareno/wp5-vertical-3/1_Xm8Tkg/GUSTAVO%20NAZARENO%2C%20pinturas%20e%20detalhes%20-04%2C%20atelier%2C%2008.2025%20%20%20%20%20%C2%A9EVERTON%20BALLARDIN.webp => [200] OK
[GET] https://wt-prod-euwest1-genie-assets.s3.eu-west-1.amazonaws.com/wepresent-december-2025/gustavo-nazareno/wp5-vertical-3/1_Xm8Tkg/GUSTAVO%20NAZARENO%2C%20pinturas%20e%20detalhes%20-03%2C%20atelier%2C%2008.2025%20%20%20%20%20%C2%A9EVERTON%20BALLARDIN.webp => [200] OK
[GET] https://backgrounds.wetransfer.net/genie/wepresent-december-2025/gustavo-nazareno/wp5-vertical-3/1_Xm8Tkg/ActiefGrotesque-Regular.63479c54248fa038db83.woff2 => [200] 
[GET] https://backgrounds.wetransfer.net/genie/wepresent-december-2025/gustavo-nazareno/wp5-vertical-3/1_Xm8Tkg/GT-Super-WT-Regular.7632213fbbe5628ae4a7.woff2 => [200] 
[POST] https://bsp-proxy.wetransfer.net/pico/v4/web-events => [200] 
[POST] https://n.clarity.ms/collect => [204] No Content
[POST] https://lebowski.wetransfer.com/v1/desktop => [200] OK
[GET] https://nolan.wetransfer.net/apps/desktop-web-renderer/0.6.20/index.html?_origin=https://wetransfer.com&_placement=creative-frame-853473044:810959716:1770849040297 => [200] 
[GET] https://www.datadoghq-browser-agent.com/eu1/v5/datadog-rum-slim.js => [200] 
[GET] https://nolan.wetransfer.net/apps/desktop-web-renderer/0.6.20/main.b102b0be726bbb12.js => [200] 
[GET] https://backgrounds.wetransfer.net/genie/wetransfer/2504/static-simple-nolimits/1_Czz4DW/index.html?_origin=https://nolan.wetransfer.net&_placement=desktop-web-renderer => [200] OK
[GET] https://backgrounds.wetransfer.net/genie/wetransfer/2504/static-simple-nolimits/1_Czz4DW/bundle.d4b2751b1d1a8dea0670.js => [200] 
[GET] https://backgrounds.wetransfer.net/genie/wetransfer/2504/static-simple-nolimits/1_Czz4DW/460.aa9676a6181ef8e8e439.js => [200] OK
[GET] https://donny.wetransfer.com/i.gif?e=eyJ2IjoiMS4xNCIsImF2Ijo3OTQ5NjUsImF0Ijo5NTksImJ0IjowLCJjbSI6MTUxMjExMSwiY2giOjM0OTAyLCJjayI6e30sImNyIjo2NzkyMDQzNzAsImRpIjoiOGYwNzRmMjFmNTMyNGNmMTg4NWFjMDAwOTY5Y2RiMzciLCJkaiI6MCwiaWkiOiI5YmNiYWU3ZDE1NjM0Njc4YTFiMDE4YWVkMGRlZDgyOCIsImRtIjozLCJmYyI6ODUzNDczMDQ0LCJmbCI6ODEwOTU5NzE2LCJpcCI6Ijg5LjEzNC4xNy4yOSIsIm53IjoxMDIyMCwicGMiOjAsIm9wIjowLCJtcCI6MCwiZWMiOjAsImdtIjowLCJlcCI6bnVsbCwicHIiOjE1NjEzMSwicnQiOjEsInJzIjo1MDAsInNhIjoiOTgiLCJzYiI6ImktMDU1ZTc5YzNlOGI4ODM3YjkiLCJzcCI6NDA5NjYwLCJzdCI6MTA1NTkyMiwidWsiOiJlOWRmM2E2NzZjNTIwN2FmYTM4YzVhOWQyMTdlNzJjODU5YTcxMzg2NTA2MDFiOTAyMGNkNDNlMSIsInpuIjoxOTkwNzMsInptIjpbMTk5MDczXSwidHMiOjE3NzA4NDkwNDAyNDAsInBuIjoiaWZyYW1lIiwiZ3IiOnRydWUsImdjIjp0cnVlLCJnQyI6dHJ1ZSwiZ2kiOnRydWUsImdzIjoicmVxIiwidHoiOiJVVEMiLCJiYSI6MSwiZnEiOjB9&s=SauP7eaPU0bkd3z_o5dKp8DjS90&product=web => [200] OK
[GET] https://wt-prod-euwest1-genie-assets.s3.eu-west-1.amazonaws.com/wetransfer/2504/static-simple-nolimits/1_Czz4DW/BG-White.webp => [200] OK
[GET] https://wt-prod-euwest1-genie-assets.s3.eu-west-1.amazonaws.com/wetransfer/2504/static-simple-nolimits/1_Czz4DW/Ultimate%20Brand%20Invert.svg => [200] OK
[GET] https://wt-prod-euwest1-genie-assets.s3.eu-west-1.amazonaws.com/wetransfer/2504/static-simple-nolimits/1_Czz4DW/Copy1.svg => [200] OK
[GET] https://wt-prod-euwest1-genie-assets.s3.eu-west-1.amazonaws.com/wetransfer/2504/static-simple-nolimits/1_Czz4DW/Button.svg => [200] OK
[POST] https://bsp-proxy.wetransfer.net/pico/v4/web-events => [200] 
[POST] https://lebowski.wetransfer.com/v1/desktop => [200] OK
[GET] https://nolan.wetransfer.net/apps/desktop-web-renderer/0.6.20/index.html?_origin=https://wetransfer.com&_placement=creative-frame-913218660:852714866:1770849070534 => [200] 
[GET] https://www.datadoghq-browser-agent.com/eu1/v5/datadog-rum-slim.js => [200] 
[GET] https://nolan.wetransfer.net/apps/desktop-web-renderer/0.6.20/main.b102b0be726bbb12.js => [200] 
[GET] https://backgrounds.wetransfer.net/creator/wepresent-25/2505-p9/wp1_hor1/1_inCe8A/index.html?_origin=https://nolan.wetransfer.net&_placement=desktop-web-renderer => [200] OK
[GET] https://backgrounds.wetransfer.net/creator/wepresent-25/2505-p9/wp1_hor1/1_inCe8A/bundle.86b07f8f8eb1ee1b8299.js => [200] 
[GET] https://backgrounds.wetransfer.net/creator/wepresent-25/2505-p9/wp1_hor1/1_inCe8A/460.aa9676a6181ef8e8e439.js => [200] OK
[GET] https://donny.wetransfer.com/i.gif?e=eyJ2IjoiMS4xNCIsImF2Ijo4MDgxNzUsImF0Ijo5NTksImJ0IjowLCJjbSI6NjQ5ODU2MTUyLCJjaCI6MzQ5MDIsImNrIjp7fSwiY3IiOjczODkyNzQ1MywiZGkiOiI5MmMwYTk4MzEzOWU0ZGJkODk3MDAxNGVhMTQ0NWI1MCIsImRqIjowLCJpaSI6IjdiOTgzZjdlMjA1MzQ0ZmRhNmEzYWY0MGU5MWYyMjU4IiwiZG0iOjMsImZjIjo5MTMyMTg2NjAsImZsIjo4NTI3MTQ4NjYsImlwIjoiODkuMTM0LjE3LjI5IiwibnciOjEwMjIwLCJwYyI6MCwib3AiOjAsIm1wIjowLCJlYyI6MCwiZ20iOjAsImVwIjpudWxsLCJwciI6MTU2MTMxLCJydCI6MSwicnMiOjUwMCwic2EiOiI5OCIsInNiIjoiaS0wNDNjOWE1ZDNlYzNkNDk3ZiIsInNwIjo0ODQ5MDgsInN0IjoxMDU1OTIyLCJ1ayI6ImU5ZGYzYTY3NmM1MjA3YWZhMzhjNWE5ZDIxN2U3MmM4NTlhNzEzODY1MDYwMWI5MDIwY2Q0M2UxIiwiem4iOjE5OTA3NCwidHMiOjE3NzA4NDkwNzA0NzYsInBuIjoiaWZyYW1lIiwiZ3IiOnRydWUsImdjIjp0cnVlLCJnQyI6dHJ1ZSwiZ2kiOnRydWUsImdzIjoicmVxIiwidHoiOiJVVEMiLCJiYSI6MSwiZnEiOjB9&s=AvKjD07YUna5FyFg1rikEbi5VJo&product=web => [200] OK
[GET] https://backgrounds.wetransfer.net/creator/wepresent-25/2505-p9/wp1_hor1/1_inCe8A/img.7342cae516e0634ddf0f.jpg => [200] 
[GET] https://backgrounds.wetransfer.net/creator/wepresent-25/2505-p9/wp1_hor1/1_inCe8A/Wepresent-logo.bd8feec6f16d0d8cef7f.svg => [200] 
[GET] https://backgrounds.wetransfer.net/creator/wepresent-25/2505-p9/wp1_hor1/1_inCe8A/ActiefGrotesque-Regular.63479c54248fa038db83.woff2 => [200] 
[GET] https://backgrounds.wetransfer.net/creator/wepresent-25/2505-p9/wp1_hor1/1_inCe8A/GT-Super-WT-Regular.7632213fbbe5628ae4a7.woff2 => [200] 
[POST] https://bsp-proxy.wetransfer.net/pico/v4/web-events => [200] 
[POST] https://n.clarity.ms/collect => [204] No Content
[POST] https://lebowski.wetransfer.com/v1/desktop => [200] OK
[GET] https://nolan.wetransfer.net/apps/desktop-web-renderer/0.6.20/index.html?_origin=https://wetransfer.com&_placement=creative-frame-896753343:841598809:1770849100758 => [200] 
[GET] https://www.datadoghq-browser-agent.com/eu1/v5/datadog-rum-slim.js => [200] 
[GET] https://nolan.wetransfer.net/apps/desktop-web-renderer/0.6.20/main.b102b0be726bbb12.js => [200] 
[GET] https://backgrounds.wetransfer.net/creator/wetransfer/2505/static-arrow/1_WtAZKf/2/index.html?_origin=https://nolan.wetransfer.net&_placement=desktop-web-renderer => [200] OK
[GET] https://backgrounds.wetransfer.net/creator/wetransfer/2505/static-arrow/1_WtAZKf/2/bundle.f86ddee8ed9b944bf404.js => [200] 
[GET] https://backgrounds.wetransfer.net/creator/wetransfer/2505/static-arrow/1_WtAZKf/2/460.aa9676a6181ef8e8e439.js => [200] OK
[GET] https://donny.wetransfer.com/i.gif?e=eyJ2IjoiMS4xNCIsImF2Ijo0Mjg5MjEsImF0Ijo5NTksImJ0IjowLCJjbSI6NjM4NzY1NDE3LCJjaCI6MzQ5MDIsImNrIjp7fSwiY3IiOjcyMjQ2NDI1OSwiZGkiOiI2ZjljNWNkMjA5YjI0OTZkODA1ZTc2Mzg5NGY5Nzc4NiIsImRqIjowLCJpaSI6IjI2OWQ0N2FhNjVjOTRlMDY4MGZjY2UzOGQ1NmIyYjliIiwiZG0iOjMsImZjIjo4OTY3NTMzNDMsImZsIjo4NDE1OTg4MDksImlwIjoiODkuMTM0LjE3LjI5IiwibnciOjEwMjIwLCJwYyI6MCwib3AiOjAsIm1wIjowLCJlYyI6MCwiZ20iOjAsImVwIjpudWxsLCJwciI6MTQ5Njg4LCJydCI6MSwicnMiOjUwMCwic2EiOiI5OCIsInNiIjoiaS0wNDNjOWE1ZDNlYzNkNDk3ZiIsInNwIjo0NjM4NjQsInN0IjoxMDU1OTIyLCJ0ciI6dHJ1ZSwidWsiOiJlOWRmM2E2NzZjNTIwN2FmYTM4YzVhOWQyMTdlNzJjODU5YTcxMzg2NTA2MDFiOTAyMGNkNDNlMSIsInpuIjoxOTkwNzUsInptIjpbMTk5MDc1XSwidHMiOjE3NzA4NDkxMDA3MDMsInBuIjoiaWZyYW1lIiwiZ3IiOnRydWUsImdjIjp0cnVlLCJnQyI6dHJ1ZSwiZ2kiOnRydWUsImdzIjoicmVxIiwidHoiOiJFdXJvcGUvTG9uZG9uIiwiYmEiOjEsImZxIjowfQ&s=qjqVtM83ZbI3ltwh6MKVmhkC96Y&product=web => [200] OK
[GET] https://backgrounds.wetransfer.net/creator/wetransfer/2505/static-arrow/1_WtAZKf/image.c9511797fe6fcc2ae28d.webp => [200] 
[GET] https://backgrounds.wetransfer.net/creator/wetransfer/2505/static-arrow/1_WtAZKf/title.8f2064569df06ff72b73.webp => [200] 
[POST] https://bsp-proxy.wetransfer.net/pico/v4/web-events => [200] 
[POST] https://lebowski.wetransfer.com/v1/desktop => [200] OK
[GET] https://nolan.wetransfer.net/apps/desktop-web-renderer/0.6.20/index.html?_origin=https://wetransfer.com&_placement=creative-frame-904180956:841598809:1770849131096 => [200] 
[GET] https://www.datadoghq-browser-agent.com/eu1/v5/datadog-rum-slim.js => [200] 
[GET] https://nolan.wetransfer.net/apps/desktop-web-renderer/0.6.20/main.b102b0be726bbb12.js => [200] 
[GET] https://backgrounds.wetransfer.net/genie/wetransfer/2506/static-teams-ring/3_G8G6Hn/index.html?_origin=https://nolan.wetransfer.net&_placement=desktop-web-renderer => [200] OK
[GET] https://backgrounds.wetransfer.net/genie/wetransfer/2506/static-teams-ring/3_G8G6Hn/bundle.f6eaf66c5762c6429ef7.js => [200] 
[GET] https://backgrounds.wetransfer.net/genie/wetransfer/2506/static-teams-ring/3_G8G6Hn/460.aa9676a6181ef8e8e439.js => [200] OK
[GET] https://donny.wetransfer.com/i.gif?e=eyJ2IjoiMS4xNCIsImF2Ijo0Mjg5MjEsImF0Ijo5NTksImJ0IjowLCJjbSI6NjM4NzY1NDE3LCJjaCI6MzQ5MDIsImNrIjp7fSwiY3IiOjcyOTg5MDU4OCwiZGkiOiJmZDBmNjlkYmMzODA0MzlhODAxOThkNmU4ZDNlNGFiNCIsImRqIjowLCJpaSI6IjE5Y2EyNTVlZGYwMDRkYjA5NDVlMmVhYWUwYTkxYWE2IiwiZG0iOjMsImZjIjo5MDQxODA5NTYsImZsIjo4NDE1OTg4MDksImlwIjoiODkuMTM0LjE3LjI5IiwibnciOjEwMjIwLCJwYyI6MCwib3AiOjAsIm1wIjowLCJlYyI6MCwiZ20iOjAsImVwIjpudWxsLCJwciI6MTQ5Njg4LCJydCI6MSwicnMiOjUwMCwic2EiOiI5OCIsInNiIjoiaS0wMDI1M2E5YzE4NjUzZDI4YiIsInNwIjoyOTk1MTEsInN0IjoxMDU1OTIyLCJ0ciI6dHJ1ZSwidWsiOiJlOWRmM2E2NzZjNTIwN2FmYTM4YzVhOWQyMTdlNzJjODU5YTcxMzg2NTA2MDFiOTAyMGNkNDNlMSIsInpuIjoxOTkwNzYsInptIjpbMTk5MDc2XSwidHMiOjE3NzA4NDkxMzA5MzIsInBuIjoiaWZyYW1lIiwiZ3IiOnRydWUsImdjIjp0cnVlLCJnQyI6dHJ1ZSwiZ2kiOnRydWUsImdzIjoicmVxIiwidHoiOiJFdXJvcGUvTG9uZG9uIiwiYmEiOjEsImZxIjowfQ&s=Hic_-AD1Ych13eJz2bfnVtobloM&product=web => [200] OK
[GET] https://wt-prod-euwest1-genie-assets.s3.eu-west-1.amazonaws.com/wetransfer/2506/static-teams-ring/3_G8G6Hn/bg2.webp => [200] OK
[GET] https://wt-prod-euwest1-genie-assets.s3.eu-west-1.amazonaws.com/wetransfer/2506/static-teams-ring/3_G8G6Hn/teams-logo.webp => [200] OK
[GET] https://wt-prod-euwest1-genie-assets.s3.eu-west-1.amazonaws.com/wetransfer/2506/static-teams-ring/3_G8G6Hn/copy3-2.webp => [200] OK
[GET] https://wt-prod-euwest1-genie-assets.s3.eu-west-1.amazonaws.com/wetransfer/2506/static-teams-ring/3_G8G6Hn/Button-black.svg => [200] OK
[POST] https://bsp-proxy.wetransfer.net/pico/v4/web-events => [200] 
[POST] https://lebowski.wetransfer.com/v1/desktop => [200] OK
[POST] https://n.clarity.ms/collect => [204] No Content
[GET] https://nolan.wetransfer.net/apps/desktop-web-renderer/0.6.20/index.html?_origin=https://wetransfer.com&_placement=creative-frame-853473044:810959716:1770849161326 => [200] 
[GET] https://www.datadoghq-browser-agent.com/eu1/v5/datadog-rum-slim.js => [200] 
[GET] https://nolan.wetransfer.net/apps/desktop-web-renderer/0.6.20/main.b102b0be726bbb12.js => [200] 
[GET] https://backgrounds.wetransfer.net/genie/wetransfer/2504/static-simple-nolimits/1_Czz4DW/index.html?_origin=https://nolan.wetransfer.net&_placement=desktop-web-renderer => [200] OK
[GET] https://backgrounds.wetransfer.net/genie/wetransfer/2504/static-simple-nolimits/1_Czz4DW/bundle.d4b2751b1d1a8dea0670.js => [200] 
[GET] https://backgrounds.wetransfer.net/genie/wetransfer/2504/static-simple-nolimits/1_Czz4DW/460.aa9676a6181ef8e8e439.js => [200] OK
[GET] https://wt-prod-euwest1-genie-assets.s3.eu-west-1.amazonaws.com/wetransfer/2504/static-simple-nolimits/1_Czz4DW/BG-White.webp => [200] OK
[GET] https://wt-prod-euwest1-genie-assets.s3.eu-west-1.amazonaws.com/wetransfer/2504/static-simple-nolimits/1_Czz4DW/Ultimate%20Brand%20Invert.svg => [200] OK
[GET] https://wt-prod-euwest1-genie-assets.s3.eu-west-1.amazonaws.com/wetransfer/2504/static-simple-nolimits/1_Czz4DW/Copy1.svg => [200] OK
[GET] https://wt-prod-euwest1-genie-assets.s3.eu-west-1.amazonaws.com/wetransfer/2504/static-simple-nolimits/1_Czz4DW/Button.svg => [200] OK
[GET] https://donny.wetransfer.com/i.gif?e=eyJ2IjoiMS4xNCIsImF2Ijo3OTQ5NjUsImF0Ijo5NTksImJ0IjowLCJjbSI6MTUxMjExMSwiY2giOjM0OTAyLCJjayI6e30sImNyIjo2NzkyMDQzNzAsImRpIjoiZjBlZTM4OTk0NDBjNDY1YWE3YjE0NGQ5MmE0MmZiODIiLCJkaiI6MCwiaWkiOiIyY2Q3MTQ4MWI5MDU0ODNkOGE5N2FiYWExMTI0YjBiYiIsImRtIjozLCJmYyI6ODUzNDczMDQ0LCJmbCI6ODEwOTU5NzE2LCJpcCI6Ijg5LjEzNC4xNy4yOSIsIm53IjoxMDIyMCwicGMiOjAsIm9wIjowLCJtcCI6MCwiZWMiOjAsImdtIjowLCJlcCI6bnVsbCwicHIiOjE1NjEzMSwicnQiOjEsInJzIjo1MDAsInNhIjoiOTgiLCJzYiI6ImktMDQzYzlhNWQzZWMzZDQ5N2YiLCJzcCI6NDgwMjM2LCJzdCI6MTA1NTkyMiwidWsiOiJlOWRmM2E2NzZjNTIwN2FmYTM4YzVhOWQyMTdlNzJjODU5YTcxMzg2NTA2MDFiOTAyMGNkNDNlMSIsInpuIjoxOTkwNzcsInptIjpbMTk5MDc3XSwidHMiOjE3NzA4NDkxNjEyNjgsInBuIjoiaWZyYW1lIiwiZ3IiOnRydWUsImdjIjp0cnVlLCJnQyI6dHJ1ZSwiZ2kiOnRydWUsImdzIjoicmVxIiwidHoiOiJVVEMiLCJiYSI6MSwiZnEiOjB9&s=a0Dgw_8UfdWe-JShFSkRXcipJQ0&product=web => [200] OK
[POST] https://bsp-proxy.wetransfer.net/pico/v4/web-events => [200] 
[POST] https://lebowski.wetransfer.com/v1/desktop => [200] OK
[GET] https://nolan.wetransfer.net/apps/desktop-web-renderer/0.6.20/index.html?_origin=https://wetransfer.com&_placement=creative-frame-853477993:810959716:1770849191548 => [200] 
[GET] https://www.datadoghq-browser-agent.com/eu1/v5/datadog-rum-slim.js => [200] 
[GET] https://nolan.wetransfer.net/apps/desktop-web-renderer/0.6.20/main.b102b0be726bbb12.js => [200] 
[GET] https://backgrounds.wetransfer.net/genie/wetransfer/2504/static-simple-nolimits/6_qjk4Ha/index.html?_origin=https://nolan.wetransfer.net&_placement=desktop-web-renderer => [200] OK
[GET] https://backgrounds.wetransfer.net/genie/wetransfer/2504/static-simple-nolimits/6_qjk4Ha/bundle.e87cf4686a7a5a8749a2.js => [200] 
[GET] https://backgrounds.wetransfer.net/genie/wetransfer/2504/static-simple-nolimits/6_qjk4Ha/460.aa9676a6181ef8e8e439.js => [200] OK
[GET] https://donny.wetransfer.com/i.gif?e=eyJ2IjoiMS4xNCIsImF2Ijo3OTQ5NjUsImF0Ijo5NTksImJ0IjowLCJjbSI6MTUxMjExMSwiY2giOjM0OTAyLCJjayI6e30sImNyIjo2NzkyMDkzMDksImRpIjoiOGVkNWE5MTAyYTliNGUwNDk1NTY5ZTdiMjQ2ZDQ0ZjgiLCJkaiI6MCwiaWkiOiI3YmRkNTU2MjY2YjU0NWFjOGZjYTcwMDM5MjgxMmU3ZiIsImRtIjozLCJmYyI6ODUzNDc3OTkzLCJmbCI6ODEwOTU5NzE2LCJpcCI6Ijg5LjEzNC4xNy4yOSIsIm53IjoxMDIyMCwicGMiOjAsIm9wIjowLCJtcCI6MCwiZWMiOjAsImdtIjowLCJlcCI6bnVsbCwicHIiOjE1NjEzMSwicnQiOjEsInJzIjo1MDAsInNhIjoiOTgiLCJzYiI6ImktMDQzYzlhNWQzZWMzZDQ5N2YiLCJzcCI6NDY4NTE5LCJzdCI6MTA1NTkyMiwidWsiOiJlOWRmM2E2NzZjNTIwN2FmYTM4YzVhOWQyMTdlNzJjODU5YTcxMzg2NTA2MDFiOTAyMGNkNDNlMSIsInpuIjoxOTkwNzgsInptIjpbMTk5MDc4XSwidHMiOjE3NzA4NDkxOTE0OTAsInBuIjoiaWZyYW1lIiwiZ3IiOnRydWUsImdjIjp0cnVlLCJnQyI6dHJ1ZSwiZ2kiOnRydWUsImdzIjoicmVxIiwidHoiOiJVVEMiLCJiYSI6MSwiZnEiOjB9&s=G7kKXspTVh1uJoIdI4eDvidS2Zw&product=web => [200] OK
[GET] https://wt-prod-euwest1-genie-assets.s3.eu-west-1.amazonaws.com/wetransfer/2504/static-simple-nolimits/4_zq6EWn/BG-Color.webp => [200] OK
[GET] https://wt-prod-euwest1-genie-assets.s3.eu-west-1.amazonaws.com/wetransfer/2504/static-simple-nolimits/4_zq6EWn/Ultimate%20Brand.svg => [200] OK
[GET] https://wt-prod-euwest1-genie-assets.s3.eu-west-1.amazonaws.com/wetransfer/2504/static-simple-nolimits/6_qjk4Ha/Copy6.svg => [200] OK
[GET] https://wt-prod-euwest1-genie-assets.s3.eu-west-1.amazonaws.com/wetransfer/2504/static-simple-nolimits/4_zq6EWn/Button-Black.svg => [200] OK
[POST] https://bsp-proxy.wetransfer.net/pico/v4/web-events => [200] 